2023-11-23 18:38:48,885 [Worker-8: Loading available Gradle versions] INFO  o.e.b.c.i.u.g.PublishedGradleVersions - Gradle version information cache is up-to-date. Trying to read.
2023-11-23 18:45:19,065 [Worker-22: Creating project "spring-aop-aspectj-style"] INFO  o.e.m.c.i.l.LifecycleMappingFactory - Using org.eclipse.m2e.jdt.JarLifecycleMapping lifecycle mapping for MavenProject: com.jdc.spring:spring-aop-aspectj-style:1.0 @ D:\Spring(JDC)\spring-aop-aspectj-style\pom.xml.
2023-11-23 18:45:20,711 [Worker-22: Creating project "spring-aop-aspectj-style"] INFO  o.e.m.j.i.AbstractJavaProjectConfigurator - Adding source folder /spring-aop-aspectj-style/src/main/java
2023-11-23 18:45:20,713 [Worker-22: Creating project "spring-aop-aspectj-style"] INFO  o.e.m.j.i.AbstractJavaProjectConfigurator - Adding resource folder /spring-aop-aspectj-style/src/main/resources
2023-11-23 18:45:20,714 [Worker-22: Creating project "spring-aop-aspectj-style"] INFO  o.e.m.j.i.AbstractJavaProjectConfigurator - Adding source folder /spring-aop-aspectj-style/src/test/java
2023-11-23 18:45:20,715 [Worker-22: Creating project "spring-aop-aspectj-style"] INFO  o.e.m.j.i.AbstractJavaProjectConfigurator - Adding resource folder /spring-aop-aspectj-style/src/test/resources
2023-11-23 18:45:21,617 [Worker-22: Building] WARN  o.e.m.c.i.embedder.EclipseLogger - Using platform encoding (UTF-8 actually) to copy filtered resources, i.e. build is platform dependent!
2023-11-23 18:45:21,637 [Worker-22: Building] INFO  o.e.m.c.i.embedder.EclipseLogger - Copying 0 resource
2023-11-23 18:45:21,646 [Worker-22: Building] WARN  o.e.m.c.i.embedder.EclipseLogger - Using platform encoding (UTF-8 actually) to copy filtered resources, i.e. build is platform dependent!
2023-11-23 18:45:21,649 [Worker-22: Building] INFO  o.e.m.c.i.embedder.EclipseLogger - Copying 0 resource
2023-11-23 18:57:25,029 [Worker-35: Updating Maven Project] INFO  o.e.m.c.i.p.ProjectConfigurationManager - Update started
2023-11-23 18:57:25,248 [Worker-35: Updating Maven Project] INFO  o.e.m.c.i.l.LifecycleMappingFactory - Using org.eclipse.m2e.jdt.JarLifecycleMapping lifecycle mapping for MavenProject: com.jdc.spring:spring-aop-aspectj-style:1.0 @ D:\Spring(JDC)\spring-aop-aspectj-style\pom.xml.
2023-11-23 18:57:25,326 [Worker-35: Updating Maven Project] INFO  o.e.m.j.i.AbstractJavaProjectConfigurator - Adding source folder /spring-aop-aspectj-style/src/main/java
2023-11-23 18:57:25,327 [Worker-35: Updating Maven Project] INFO  o.e.m.j.i.AbstractJavaProjectConfigurator - Adding resource folder /spring-aop-aspectj-style/src/main/resources
2023-11-23 18:57:25,327 [Worker-35: Updating Maven Project] INFO  o.e.m.j.i.AbstractJavaProjectConfigurator - Adding source folder /spring-aop-aspectj-style/src/test/java
2023-11-23 18:57:25,327 [Worker-35: Updating Maven Project] INFO  o.e.m.j.i.AbstractJavaProjectConfigurator - Adding resource folder /spring-aop-aspectj-style/src/test/resources
2023-11-23 18:57:25,396 [Worker-35: Updating Maven Project] INFO  o.e.m.c.i.p.ProjectConfigurationManager - Update completed for 1 poms: local refresh takes 0.00 sec, refresh facades takes 0.00 sec, update config takes 0.00 sec 
2023-11-23 18:57:25,563 [Worker-26: Building] WARN  o.e.m.c.i.embedder.EclipseLogger - Using platform encoding (UTF-8 actually) to copy filtered resources, i.e. build is platform dependent!
2023-11-23 18:57:25,564 [Worker-26: Building] INFO  o.e.m.c.i.embedder.EclipseLogger - Copying 0 resource
2023-11-23 18:57:25,567 [Worker-26: Building] WARN  o.e.m.c.i.embedder.EclipseLogger - Using platform encoding (UTF-8 actually) to copy filtered resources, i.e. build is platform dependent!
2023-11-23 18:57:25,568 [Worker-26: Building] INFO  o.e.m.c.i.embedder.EclipseLogger - Copying 0 resource
2023-11-23 18:58:02,226 [Worker-37: Updating Maven Project] INFO  o.e.m.c.i.p.ProjectConfigurationManager - Update started
2023-11-23 18:58:02,441 [Worker-37: Updating Maven Project] INFO  o.e.m.c.i.l.LifecycleMappingFactory - Using org.eclipse.m2e.jdt.JarLifecycleMapping lifecycle mapping for MavenProject: com.jdc.spring:spring-aop-aspectj-style:1.0 @ D:\Spring(JDC)\spring-aop-aspectj-style\pom.xml.
2023-11-23 18:58:02,511 [Worker-37: Updating Maven Project] INFO  o.e.m.j.i.AbstractJavaProjectConfigurator - Adding source folder /spring-aop-aspectj-style/src/main/java
2023-11-23 18:58:02,511 [Worker-37: Updating Maven Project] INFO  o.e.m.j.i.AbstractJavaProjectConfigurator - Adding resource folder /spring-aop-aspectj-style/src/main/resources
2023-11-23 18:58:02,512 [Worker-37: Updating Maven Project] INFO  o.e.m.j.i.AbstractJavaProjectConfigurator - Adding source folder /spring-aop-aspectj-style/src/test/java
2023-11-23 18:58:02,512 [Worker-37: Updating Maven Project] INFO  o.e.m.j.i.AbstractJavaProjectConfigurator - Adding resource folder /spring-aop-aspectj-style/src/test/resources
2023-11-23 18:58:02,558 [Worker-37: Updating Maven Project] INFO  o.e.m.c.i.p.ProjectConfigurationManager - Update completed for 1 poms: local refresh takes 0.00 sec, refresh facades takes 0.00 sec, update config takes 0.00 sec 
2023-11-23 18:58:02,694 [Worker-31: Building] WARN  o.e.m.c.i.embedder.EclipseLogger - Using platform encoding (UTF-8 actually) to copy filtered resources, i.e. build is platform dependent!
2023-11-23 18:58:02,695 [Worker-31: Building] INFO  o.e.m.c.i.embedder.EclipseLogger - Copying 0 resource
2023-11-23 18:58:02,698 [Worker-31: Building] WARN  o.e.m.c.i.embedder.EclipseLogger - Using platform encoding (UTF-8 actually) to copy filtered resources, i.e. build is platform dependent!
2023-11-23 18:58:02,699 [Worker-31: Building] INFO  o.e.m.c.i.embedder.EclipseLogger - Copying 0 resource
2023-11-23 19:00:01,084 [Worker-36: Updating Maven Project] INFO  o.e.m.c.i.p.ProjectConfigurationManager - Update started
2023-11-23 19:00:01,247 [Worker-36: Updating Maven Project] INFO  o.e.m.c.i.l.LifecycleMappingFactory - Using org.eclipse.m2e.jdt.JarLifecycleMapping lifecycle mapping for MavenProject: com.jdc.spring:spring-aop-aspectj-style:1.0 @ D:\Spring(JDC)\spring-aop-aspectj-style\pom.xml.
2023-11-23 19:00:01,292 [Worker-36: Updating Maven Project] INFO  o.e.m.j.i.AbstractJavaProjectConfigurator - Adding source folder /spring-aop-aspectj-style/src/main/java
2023-11-23 19:00:01,292 [Worker-36: Updating Maven Project] INFO  o.e.m.j.i.AbstractJavaProjectConfigurator - Adding resource folder /spring-aop-aspectj-style/src/main/resources
2023-11-23 19:00:01,292 [Worker-36: Updating Maven Project] INFO  o.e.m.j.i.AbstractJavaProjectConfigurator - Adding source folder /spring-aop-aspectj-style/src/test/java
2023-11-23 19:00:01,292 [Worker-36: Updating Maven Project] INFO  o.e.m.j.i.AbstractJavaProjectConfigurator - Adding resource folder /spring-aop-aspectj-style/src/test/resources
2023-11-23 19:00:01,336 [Worker-36: Updating Maven Project] INFO  o.e.m.c.i.p.ProjectConfigurationManager - Update completed for 1 poms: local refresh takes 0.00 sec, refresh facades takes 0.00 sec, update config takes 0.00 sec 
2023-11-23 19:00:01,461 [Worker-31: Building] WARN  o.e.m.c.i.embedder.EclipseLogger - Using platform encoding (UTF-8 actually) to copy filtered resources, i.e. build is platform dependent!
2023-11-23 19:00:01,461 [Worker-31: Building] INFO  o.e.m.c.i.embedder.EclipseLogger - Copying 0 resource
2023-11-23 19:00:01,463 [Worker-31: Building] WARN  o.e.m.c.i.embedder.EclipseLogger - Using platform encoding (UTF-8 actually) to copy filtered resources, i.e. build is platform dependent!
2023-11-23 19:00:01,464 [Worker-31: Building] INFO  o.e.m.c.i.embedder.EclipseLogger - Copying 0 resource
2023-11-23 19:05:12,814 [Worker-39: Updating Maven Project] INFO  o.e.m.c.i.p.ProjectConfigurationManager - Update started
2023-11-23 19:05:13,060 [Worker-39: Updating Maven Project] INFO  o.e.m.c.i.l.LifecycleMappingFactory - Using org.eclipse.m2e.jdt.JarLifecycleMapping lifecycle mapping for MavenProject: com.jdc.spring:spring-aop-aspectj-style:1.0 @ D:\Spring(JDC)\spring-aop-aspectj-style\pom.xml.
2023-11-23 19:05:13,156 [Worker-39: Updating Maven Project] INFO  o.e.m.j.i.AbstractJavaProjectConfigurator - Adding source folder /spring-aop-aspectj-style/src/main/java
2023-11-23 19:05:13,157 [Worker-39: Updating Maven Project] INFO  o.e.m.j.i.AbstractJavaProjectConfigurator - Adding resource folder /spring-aop-aspectj-style/src/main/resources
2023-11-23 19:05:13,158 [Worker-39: Updating Maven Project] INFO  o.e.m.j.i.AbstractJavaProjectConfigurator - Adding source folder /spring-aop-aspectj-style/src/test/java
2023-11-23 19:05:13,158 [Worker-39: Updating Maven Project] INFO  o.e.m.j.i.AbstractJavaProjectConfigurator - Adding resource folder /spring-aop-aspectj-style/src/test/resources
2023-11-23 19:05:13,231 [Worker-39: Updating Maven Project] INFO  o.e.m.c.i.p.ProjectConfigurationManager - Update completed for 1 poms: local refresh takes 0.00 sec, refresh facades takes 0.00 sec, update config takes 0.00 sec 
2023-11-23 19:05:13,361 [Worker-36: Building] WARN  o.e.m.c.i.embedder.EclipseLogger - Using platform encoding (UTF-8 actually) to copy filtered resources, i.e. build is platform dependent!
2023-11-23 19:05:13,363 [Worker-36: Building] INFO  o.e.m.c.i.embedder.EclipseLogger - Copying 0 resource
2023-11-23 19:05:13,368 [Worker-36: Building] WARN  o.e.m.c.i.embedder.EclipseLogger - Using platform encoding (UTF-8 actually) to copy filtered resources, i.e. build is platform dependent!
2023-11-23 19:05:13,370 [Worker-36: Building] INFO  o.e.m.c.i.embedder.EclipseLogger - Copying 0 resource
2023-11-23 19:05:35,546 [Worker-36: Updating Maven Project] INFO  o.e.m.c.i.p.ProjectConfigurationManager - Update started
2023-11-23 19:05:35,685 [Worker-36: Updating Maven Project] INFO  o.e.m.c.i.l.LifecycleMappingFactory - Using org.eclipse.m2e.jdt.JarLifecycleMapping lifecycle mapping for MavenProject: com.jdc.spring:spring-aop-aspectj-style:1.0 @ D:\Spring(JDC)\spring-aop-aspectj-style\pom.xml.
2023-11-23 19:05:35,741 [Worker-36: Updating Maven Project] INFO  o.e.m.j.i.AbstractJavaProjectConfigurator - Adding source folder /spring-aop-aspectj-style/src/main/java
2023-11-23 19:05:35,741 [Worker-36: Updating Maven Project] INFO  o.e.m.j.i.AbstractJavaProjectConfigurator - Adding resource folder /spring-aop-aspectj-style/src/main/resources
2023-11-23 19:05:35,741 [Worker-36: Updating Maven Project] INFO  o.e.m.j.i.AbstractJavaProjectConfigurator - Adding source folder /spring-aop-aspectj-style/src/test/java
2023-11-23 19:05:35,741 [Worker-36: Updating Maven Project] INFO  o.e.m.j.i.AbstractJavaProjectConfigurator - Adding resource folder /spring-aop-aspectj-style/src/test/resources
2023-11-23 19:05:35,794 [Worker-36: Updating Maven Project] INFO  o.e.m.c.i.p.ProjectConfigurationManager - Update completed for 1 poms: local refresh takes 0.00 sec, refresh facades takes 0.00 sec, update config takes 0.00 sec 
2023-11-23 19:05:35,909 [Worker-39: Building] WARN  o.e.m.c.i.embedder.EclipseLogger - Using platform encoding (UTF-8 actually) to copy filtered resources, i.e. build is platform dependent!
2023-11-23 19:05:35,910 [Worker-39: Building] INFO  o.e.m.c.i.embedder.EclipseLogger - Copying 0 resource
2023-11-23 19:05:35,912 [Worker-39: Building] WARN  o.e.m.c.i.embedder.EclipseLogger - Using platform encoding (UTF-8 actually) to copy filtered resources, i.e. build is platform dependent!
2023-11-23 19:05:35,913 [Worker-39: Building] INFO  o.e.m.c.i.embedder.EclipseLogger - Copying 0 resource
2023-11-23 19:05:52,106 [Worker-40: Building] INFO  o.e.m.c.i.l.LifecycleMappingFactory - Using org.eclipse.m2e.jdt.JarLifecycleMapping lifecycle mapping for MavenProject: com.jdc.spring:spring-aop-aspectj-style:1.0 @ D:\Spring(JDC)\spring-aop-aspectj-style\pom.xml.
2023-11-23 19:05:54,347 [Worker-41: Download sources and javadoc] INFO  o.e.m.c.i.e.AbstractTransferListenerAdapter - Downloading https://repo.maven.apache.org/maven2/org/springframework/spring-context/6.1.0/spring-context-6.1.0-sources.jar
2023-11-23 19:05:54,778 [Worker-40: Building] WARN  o.e.m.c.i.embedder.EclipseLogger - Using platform encoding (UTF-8 actually) to copy filtered resources, i.e. build is platform dependent!
2023-11-23 19:05:54,790 [Worker-40: Building] INFO  o.e.m.c.i.embedder.EclipseLogger - Copying 0 resource
2023-11-23 19:05:54,799 [Worker-40: Building] WARN  o.e.m.c.i.embedder.EclipseLogger - Using platform encoding (UTF-8 actually) to copy filtered resources, i.e. build is platform dependent!
2023-11-23 19:05:54,803 [Worker-40: Building] INFO  o.e.m.c.i.embedder.EclipseLogger - Copying 0 resource
2023-11-23 19:05:55,550 [Worker-39: Updating Maven Project] INFO  o.e.m.c.i.p.ProjectConfigurationManager - Update started
2023-11-23 19:05:55,592 [Worker-39: Updating Maven Project] INFO  o.e.m.c.i.p.ProjectConfigurationManager - Update completed for 1 poms: local refresh takes 0.00 sec, refresh facades takes 0.00 sec, update config takes 0.00 sec 
2023-11-23 19:05:55,762 [Worker-41: Download sources and javadoc] INFO  o.e.m.c.i.e.AbstractTransferListenerAdapter - Downloaded https://repo.maven.apache.org/maven2/org/springframework/spring-context/6.1.0/spring-context-6.1.0-sources.jar
2023-11-23 19:05:55,791 [Worker-41: Download sources and javadoc] INFO  o.e.m.j.internal.DownloadSourcesJob - Downloaded sources for org.springframework:spring-context:6.1.0
2023-11-23 19:05:56,146 [Worker-41: Download sources and javadoc] INFO  o.e.m.c.i.e.AbstractTransferListenerAdapter - Downloading https://repo.maven.apache.org/maven2/org/springframework/spring-aop/6.1.0/spring-aop-6.1.0-sources.jar
2023-11-23 19:05:56,753 [Worker-41: Download sources and javadoc] INFO  o.e.m.c.i.e.AbstractTransferListenerAdapter - Downloaded https://repo.maven.apache.org/maven2/org/springframework/spring-aop/6.1.0/spring-aop-6.1.0-sources.jar
2023-11-23 19:05:56,767 [Worker-41: Download sources and javadoc] INFO  o.e.m.j.internal.DownloadSourcesJob - Downloaded sources for org.springframework:spring-aop:6.1.0
2023-11-23 19:05:56,769 [Worker-41: Download sources and javadoc] WARN  o.e.m.j.internal.DownloadSourcesJob - IPackageFragmentRoot is missing, skipping javadoc/source attachment for project P/spring-aop-aspectj-style
2023-11-23 19:05:57,096 [Worker-41: Download sources and javadoc] INFO  o.e.m.c.i.e.AbstractTransferListenerAdapter - Downloading https://repo.maven.apache.org/maven2/org/springframework/spring-beans/6.1.0/spring-beans-6.1.0-sources.jar
2023-11-23 19:05:58,509 [Worker-41: Download sources and javadoc] INFO  o.e.m.c.i.e.AbstractTransferListenerAdapter - Downloaded https://repo.maven.apache.org/maven2/org/springframework/spring-beans/6.1.0/spring-beans-6.1.0-sources.jar
2023-11-23 19:05:58,541 [Worker-41: Download sources and javadoc] INFO  o.e.m.j.internal.DownloadSourcesJob - Downloaded sources for org.springframework:spring-beans:6.1.0
2023-11-23 19:05:58,541 [Worker-41: Download sources and javadoc] WARN  o.e.m.j.internal.DownloadSourcesJob - IPackageFragmentRoot is missing, skipping javadoc/source attachment for project P/spring-aop-aspectj-style
2023-11-23 19:05:59,159 [Worker-41: Download sources and javadoc] INFO  o.e.m.c.i.e.AbstractTransferListenerAdapter - Downloading https://repo.maven.apache.org/maven2/org/springframework/spring-core/6.1.0/spring-core-6.1.0-sources.jar
2023-11-23 19:06:00,396 [Worker-41: Download sources and javadoc] INFO  o.e.m.c.i.e.AbstractTransferListenerAdapter - Downloaded https://repo.maven.apache.org/maven2/org/springframework/spring-core/6.1.0/spring-core-6.1.0-sources.jar
2023-11-23 19:06:00,410 [Worker-41: Download sources and javadoc] INFO  o.e.m.j.internal.DownloadSourcesJob - Downloaded sources for org.springframework:spring-core:6.1.0
2023-11-23 19:06:00,411 [Worker-41: Download sources and javadoc] WARN  o.e.m.j.internal.DownloadSourcesJob - IPackageFragmentRoot is missing, skipping javadoc/source attachment for project P/spring-aop-aspectj-style
2023-11-23 19:06:00,735 [Worker-41: Download sources and javadoc] INFO  o.e.m.c.i.e.AbstractTransferListenerAdapter - Downloading https://repo.maven.apache.org/maven2/org/springframework/spring-jcl/6.1.0/spring-jcl-6.1.0-sources.jar
2023-11-23 19:06:01,395 [Worker-41: Download sources and javadoc] INFO  o.e.m.c.i.e.AbstractTransferListenerAdapter - Downloaded https://repo.maven.apache.org/maven2/org/springframework/spring-jcl/6.1.0/spring-jcl-6.1.0-sources.jar
2023-11-23 19:06:01,409 [Worker-41: Download sources and javadoc] INFO  o.e.m.j.internal.DownloadSourcesJob - Downloaded sources for org.springframework:spring-jcl:6.1.0
2023-11-23 19:06:01,409 [Worker-41: Download sources and javadoc] WARN  o.e.m.j.internal.DownloadSourcesJob - IPackageFragmentRoot is missing, skipping javadoc/source attachment for project P/spring-aop-aspectj-style
2023-11-23 19:06:01,944 [Worker-41: Download sources and javadoc] INFO  o.e.m.c.i.e.AbstractTransferListenerAdapter - Downloading https://repo.maven.apache.org/maven2/org/springframework/spring-expression/6.1.0/spring-expression-6.1.0-sources.jar
2023-11-23 19:06:02,525 [Worker-41: Download sources and javadoc] INFO  o.e.m.c.i.e.AbstractTransferListenerAdapter - Downloaded https://repo.maven.apache.org/maven2/org/springframework/spring-expression/6.1.0/spring-expression-6.1.0-sources.jar
2023-11-23 19:06:02,531 [Worker-41: Download sources and javadoc] INFO  o.e.m.j.internal.DownloadSourcesJob - Downloaded sources for org.springframework:spring-expression:6.1.0
2023-11-23 19:06:02,531 [Worker-41: Download sources and javadoc] WARN  o.e.m.j.internal.DownloadSourcesJob - IPackageFragmentRoot is missing, skipping javadoc/source attachment for project P/spring-aop-aspectj-style
2023-11-23 19:06:02,911 [Worker-41: Download sources and javadoc] INFO  o.e.m.c.i.e.AbstractTransferListenerAdapter - Downloading https://repo.maven.apache.org/maven2/io/micrometer/micrometer-observation/1.12.0/micrometer-observation-1.12.0-sources.jar
2023-11-23 19:06:03,116 [Worker-41: Download sources and javadoc] INFO  o.e.m.c.i.e.AbstractTransferListenerAdapter - Downloaded https://repo.maven.apache.org/maven2/io/micrometer/micrometer-observation/1.12.0/micrometer-observation-1.12.0-sources.jar
2023-11-23 19:06:03,122 [Worker-41: Download sources and javadoc] INFO  o.e.m.j.internal.DownloadSourcesJob - Downloaded sources for io.micrometer:micrometer-observation:1.12.0
2023-11-23 19:06:03,122 [Worker-41: Download sources and javadoc] WARN  o.e.m.j.internal.DownloadSourcesJob - IPackageFragmentRoot is missing, skipping javadoc/source attachment for project P/spring-aop-aspectj-style
2023-11-23 19:06:03,469 [Worker-41: Download sources and javadoc] INFO  o.e.m.c.i.e.AbstractTransferListenerAdapter - Downloading https://repo.maven.apache.org/maven2/io/micrometer/micrometer-commons/1.12.0/micrometer-commons-1.12.0-sources.jar
2023-11-23 19:06:04,074 [Worker-41: Download sources and javadoc] INFO  o.e.m.c.i.e.AbstractTransferListenerAdapter - Downloaded https://repo.maven.apache.org/maven2/io/micrometer/micrometer-commons/1.12.0/micrometer-commons-1.12.0-sources.jar
2023-11-23 19:06:04,078 [Worker-41: Download sources and javadoc] INFO  o.e.m.j.internal.DownloadSourcesJob - Downloaded sources for io.micrometer:micrometer-commons:1.12.0
2023-11-23 19:06:04,078 [Worker-41: Download sources and javadoc] WARN  o.e.m.j.internal.DownloadSourcesJob - IPackageFragmentRoot is missing, skipping javadoc/source attachment for project P/spring-aop-aspectj-style
2023-11-23 19:06:04,331 [Worker-41: Download sources and javadoc] INFO  o.e.m.c.i.e.AbstractTransferListenerAdapter - Downloading https://repo.maven.apache.org/maven2/org/springframework/spring-aspects/6.1.0/spring-aspects-6.1.0-sources.jar
2023-11-23 19:06:04,790 [Worker-41: Download sources and javadoc] INFO  o.e.m.c.i.e.AbstractTransferListenerAdapter - Downloaded https://repo.maven.apache.org/maven2/org/springframework/spring-aspects/6.1.0/spring-aspects-6.1.0-sources.jar
2023-11-23 19:06:04,793 [Worker-41: Download sources and javadoc] INFO  o.e.m.j.internal.DownloadSourcesJob - Downloaded sources for org.springframework:spring-aspects:6.1.0
2023-11-23 19:06:04,794 [Worker-41: Download sources and javadoc] WARN  o.e.m.j.internal.DownloadSourcesJob - IPackageFragmentRoot is missing, skipping javadoc/source attachment for project P/spring-aop-aspectj-style
2023-11-23 19:06:05,264 [Worker-41: Download sources and javadoc] INFO  o.e.m.c.i.e.AbstractTransferListenerAdapter - Downloading https://repo.maven.apache.org/maven2/org/aspectj/aspectjweaver/1.9.20.1/aspectjweaver-1.9.20.1-sources.jar
2023-11-23 19:06:06,753 [Worker-41: Download sources and javadoc] INFO  o.e.m.c.i.e.AbstractTransferListenerAdapter - Downloaded https://repo.maven.apache.org/maven2/org/aspectj/aspectjweaver/1.9.20.1/aspectjweaver-1.9.20.1-sources.jar
2023-11-23 19:06:06,755 [Worker-41: Download sources and javadoc] INFO  o.e.m.j.internal.DownloadSourcesJob - Downloaded sources for org.aspectj:aspectjweaver:1.9.20.1
2023-11-23 19:06:06,756 [Worker-41: Download sources and javadoc] WARN  o.e.m.j.internal.DownloadSourcesJob - IPackageFragmentRoot is missing, skipping javadoc/source attachment for project P/spring-aop-aspectj-style
2023-11-23 19:06:07,145 [Worker-41: Download sources and javadoc] INFO  o.e.m.c.i.e.AbstractTransferListenerAdapter - Downloading https://repo.maven.apache.org/maven2/org/springframework/spring-test/6.1.0/spring-test-6.1.0-sources.jar
2023-11-23 19:06:07,944 [Worker-41: Download sources and javadoc] INFO  o.e.m.c.i.e.AbstractTransferListenerAdapter - Downloaded https://repo.maven.apache.org/maven2/org/springframework/spring-test/6.1.0/spring-test-6.1.0-sources.jar
2023-11-23 19:06:07,947 [Worker-41: Download sources and javadoc] INFO  o.e.m.j.internal.DownloadSourcesJob - Downloaded sources for org.springframework:spring-test:6.1.0
2023-11-23 19:06:07,947 [Worker-41: Download sources and javadoc] WARN  o.e.m.j.internal.DownloadSourcesJob - IPackageFragmentRoot is missing, skipping javadoc/source attachment for project P/spring-aop-aspectj-style
2023-11-23 19:06:08,238 [Worker-41: Download sources and javadoc] INFO  o.e.m.c.i.e.AbstractTransferListenerAdapter - Downloading https://repo.maven.apache.org/maven2/org/junit/jupiter/junit-jupiter-api/5.10.1/junit-jupiter-api-5.10.1-sources.jar
2023-11-23 19:06:08,747 [Worker-41: Download sources and javadoc] INFO  o.e.m.c.i.e.AbstractTransferListenerAdapter - Downloaded https://repo.maven.apache.org/maven2/org/junit/jupiter/junit-jupiter-api/5.10.1/junit-jupiter-api-5.10.1-sources.jar
2023-11-23 19:06:08,752 [Worker-41: Download sources and javadoc] INFO  o.e.m.j.internal.DownloadSourcesJob - Downloaded sources for org.junit.jupiter:junit-jupiter-api:5.10.1
2023-11-23 19:06:08,753 [Worker-41: Download sources and javadoc] WARN  o.e.m.j.internal.DownloadSourcesJob - IPackageFragmentRoot is missing, skipping javadoc/source attachment for project P/spring-aop-aspectj-style
2023-11-23 19:06:08,865 [Worker-43: Updating Maven Project] INFO  o.e.m.c.i.p.ProjectConfigurationManager - Update started
2023-11-23 19:06:08,993 [Worker-43: Updating Maven Project] INFO  o.e.m.c.i.l.LifecycleMappingFactory - Using org.eclipse.m2e.jdt.JarLifecycleMapping lifecycle mapping for MavenProject: com.jdc.spring:spring-aop-aspectj-style:1.0 @ D:\Spring(JDC)\spring-aop-aspectj-style\pom.xml.
2023-11-23 19:06:09,042 [Worker-41: Download sources and javadoc] INFO  o.e.m.c.i.e.AbstractTransferListenerAdapter - Downloading https://repo.maven.apache.org/maven2/org/opentest4j/opentest4j/1.3.0/opentest4j-1.3.0-sources.jar
2023-11-23 19:06:09,180 [Worker-43: Updating Maven Project] INFO  o.e.m.j.i.AbstractJavaProjectConfigurator - Adding source folder /spring-aop-aspectj-style/src/main/java
2023-11-23 19:06:09,180 [Worker-43: Updating Maven Project] INFO  o.e.m.j.i.AbstractJavaProjectConfigurator - Adding resource folder /spring-aop-aspectj-style/src/main/resources
2023-11-23 19:06:09,181 [Worker-43: Updating Maven Project] INFO  o.e.m.j.i.AbstractJavaProjectConfigurator - Adding source folder /spring-aop-aspectj-style/src/test/java
2023-11-23 19:06:09,181 [Worker-43: Updating Maven Project] INFO  o.e.m.j.i.AbstractJavaProjectConfigurator - Adding resource folder /spring-aop-aspectj-style/src/test/resources
2023-11-23 19:06:09,359 [Worker-41: Download sources and javadoc] INFO  o.e.m.c.i.e.AbstractTransferListenerAdapter - Downloaded https://repo.maven.apache.org/maven2/org/opentest4j/opentest4j/1.3.0/opentest4j-1.3.0-sources.jar
2023-11-23 19:06:09,376 [Worker-41: Download sources and javadoc] INFO  o.e.m.j.internal.DownloadSourcesJob - Downloaded sources for org.opentest4j:opentest4j:1.3.0
2023-11-23 19:06:09,376 [Worker-41: Download sources and javadoc] WARN  o.e.m.j.internal.DownloadSourcesJob - IPackageFragmentRoot is missing, skipping javadoc/source attachment for project P/spring-aop-aspectj-style
2023-11-23 19:06:09,677 [Worker-41: Download sources and javadoc] INFO  o.e.m.c.i.e.AbstractTransferListenerAdapter - Downloading https://repo.maven.apache.org/maven2/org/junit/platform/junit-platform-commons/1.10.1/junit-platform-commons-1.10.1-sources.jar
2023-11-23 19:06:10,090 [Worker-43: Updating Maven Project] INFO  o.e.m.c.i.p.ProjectConfigurationManager - Update completed for 1 poms: local refresh takes 0.00 sec, refresh facades takes 0.00 sec, update config takes 0.00 sec 
2023-11-23 19:06:10,130 [Worker-41: Download sources and javadoc] INFO  o.e.m.c.i.e.AbstractTransferListenerAdapter - Downloaded https://repo.maven.apache.org/maven2/org/junit/platform/junit-platform-commons/1.10.1/junit-platform-commons-1.10.1-sources.jar
2023-11-23 19:06:10,142 [Worker-41: Download sources and javadoc] INFO  o.e.m.j.internal.DownloadSourcesJob - Downloaded sources for org.junit.platform:junit-platform-commons:1.10.1
2023-11-23 19:06:10,573 [Worker-41: Download sources and javadoc] INFO  o.e.m.c.i.e.AbstractTransferListenerAdapter - Downloading https://repo.maven.apache.org/maven2/org/junit/jupiter/junit-jupiter-engine/5.10.1/junit-jupiter-engine-5.10.1-sources.jar
2023-11-23 19:06:10,762 [Worker-43: Building] WARN  o.e.m.c.i.embedder.EclipseLogger - Using platform encoding (UTF-8 actually) to copy filtered resources, i.e. build is platform dependent!
2023-11-23 19:06:10,766 [Worker-43: Building] INFO  o.e.m.c.i.embedder.EclipseLogger - Copying 0 resource
2023-11-23 19:06:10,776 [Worker-43: Building] WARN  o.e.m.c.i.embedder.EclipseLogger - Using platform encoding (UTF-8 actually) to copy filtered resources, i.e. build is platform dependent!
2023-11-23 19:06:10,781 [Worker-43: Building] INFO  o.e.m.c.i.embedder.EclipseLogger - Copying 0 resource
2023-11-23 19:06:11,164 [Worker-41: Download sources and javadoc] INFO  o.e.m.c.i.e.AbstractTransferListenerAdapter - Downloaded https://repo.maven.apache.org/maven2/org/junit/jupiter/junit-jupiter-engine/5.10.1/junit-jupiter-engine-5.10.1-sources.jar
2023-11-23 19:06:11,192 [Worker-41: Download sources and javadoc] INFO  o.e.m.j.internal.DownloadSourcesJob - Downloaded sources for org.junit.jupiter:junit-jupiter-engine:5.10.1
2023-11-23 19:06:11,606 [Worker-41: Download sources and javadoc] INFO  o.e.m.c.i.e.AbstractTransferListenerAdapter - Downloading https://repo.maven.apache.org/maven2/org/junit/platform/junit-platform-engine/1.10.1/junit-platform-engine-1.10.1-sources.jar
2023-11-23 19:06:11,642 [Worker-36: Updating Maven Dependencies] INFO  o.e.m.c.i.l.LifecycleMappingFactory - Using org.eclipse.m2e.jdt.JarLifecycleMapping lifecycle mapping for MavenProject: com.jdc.spring:spring-aop-aspectj-style:1.0 @ D:\Spring(JDC)\spring-aop-aspectj-style\pom.xml.
2023-11-23 19:06:12,723 [Worker-41: Download sources and javadoc] INFO  o.e.m.c.i.e.AbstractTransferListenerAdapter - Downloaded https://repo.maven.apache.org/maven2/org/junit/platform/junit-platform-engine/1.10.1/junit-platform-engine-1.10.1-sources.jar
2023-11-23 19:06:12,735 [Worker-41: Download sources and javadoc] INFO  o.e.m.j.internal.DownloadSourcesJob - Downloaded sources for org.junit.platform:junit-platform-engine:1.10.1
2023-11-23 19:06:13,827 [Worker-37: Building] WARN  o.e.m.c.i.embedder.EclipseLogger - Using platform encoding (UTF-8 actually) to copy filtered resources, i.e. build is platform dependent!
2023-11-23 19:06:13,836 [Worker-37: Building] INFO  o.e.m.c.i.embedder.EclipseLogger - Copying 0 resource
2023-11-23 19:06:13,847 [Worker-37: Building] WARN  o.e.m.c.i.embedder.EclipseLogger - Using platform encoding (UTF-8 actually) to copy filtered resources, i.e. build is platform dependent!
2023-11-23 19:06:13,850 [Worker-37: Building] INFO  o.e.m.c.i.embedder.EclipseLogger - Copying 0 resource
2023-11-23 19:07:05,988 [Worker-37: Updating Maven Project] INFO  o.e.m.c.i.p.ProjectConfigurationManager - Update started
2023-11-23 19:07:06,082 [Worker-37: Updating Maven Project] INFO  o.e.m.c.i.l.LifecycleMappingFactory - Using org.eclipse.m2e.jdt.JarLifecycleMapping lifecycle mapping for MavenProject: com.jdc.spring:spring-aop-aspectj-style:1.0 @ D:\Spring(JDC)\spring-aop-aspectj-style\pom.xml.
2023-11-23 19:07:06,196 [Worker-37: Updating Maven Project] INFO  o.e.m.j.i.AbstractJavaProjectConfigurator - Adding source folder /spring-aop-aspectj-style/src/main/java
2023-11-23 19:07:06,196 [Worker-37: Updating Maven Project] INFO  o.e.m.j.i.AbstractJavaProjectConfigurator - Adding resource folder /spring-aop-aspectj-style/src/main/resources
2023-11-23 19:07:06,196 [Worker-37: Updating Maven Project] INFO  o.e.m.j.i.AbstractJavaProjectConfigurator - Adding source folder /spring-aop-aspectj-style/src/test/java
2023-11-23 19:07:06,196 [Worker-37: Updating Maven Project] INFO  o.e.m.j.i.AbstractJavaProjectConfigurator - Adding resource folder /spring-aop-aspectj-style/src/test/resources
2023-11-23 19:07:06,254 [Worker-37: Updating Maven Project] INFO  o.e.m.c.i.p.ProjectConfigurationManager - Update completed for 1 poms: local refresh takes 0.00 sec, refresh facades takes 0.00 sec, update config takes 0.00 sec 
2023-11-23 19:07:06,427 [Worker-40: Building] WARN  o.e.m.c.i.embedder.EclipseLogger - Using platform encoding (UTF-8 actually) to copy filtered resources, i.e. build is platform dependent!
2023-11-23 19:07:06,428 [Worker-40: Building] INFO  o.e.m.c.i.embedder.EclipseLogger - Copying 0 resource
2023-11-23 19:07:06,431 [Worker-40: Building] WARN  o.e.m.c.i.embedder.EclipseLogger - Using platform encoding (UTF-8 actually) to copy filtered resources, i.e. build is platform dependent!
2023-11-23 19:07:06,431 [Worker-40: Building] INFO  o.e.m.c.i.embedder.EclipseLogger - Copying 0 resource
2023-11-23 19:09:42,959 [Worker-37: Building] WARN  o.e.m.c.i.embedder.EclipseLogger - Using platform encoding (UTF-8 actually) to copy filtered resources, i.e. build is platform dependent!
2023-11-23 19:09:42,962 [Worker-37: Building] INFO  o.e.m.c.i.embedder.EclipseLogger - Copying 0 resource
2023-11-23 19:09:42,963 [Worker-37: Building] WARN  o.e.m.c.i.embedder.EclipseLogger - Using platform encoding (UTF-8 actually) to copy filtered resources, i.e. build is platform dependent!
2023-11-23 19:09:42,964 [Worker-37: Building] INFO  o.e.m.c.i.embedder.EclipseLogger - Copying 0 resource
2023-11-23 19:10:05,828 [Worker-42: Building] WARN  o.e.m.c.i.embedder.EclipseLogger - Using platform encoding (UTF-8 actually) to copy filtered resources, i.e. build is platform dependent!
2023-11-23 19:10:05,829 [Worker-42: Building] INFO  o.e.m.c.i.embedder.EclipseLogger - Copying 0 resource
2023-11-23 19:10:05,830 [Worker-42: Building] WARN  o.e.m.c.i.embedder.EclipseLogger - Using platform encoding (UTF-8 actually) to copy filtered resources, i.e. build is platform dependent!
2023-11-23 19:10:05,831 [Worker-42: Building] INFO  o.e.m.c.i.embedder.EclipseLogger - Copying 0 resource
2023-11-23 19:10:15,563 [Worker-42: Building] WARN  o.e.m.c.i.embedder.EclipseLogger - Using platform encoding (UTF-8 actually) to copy filtered resources, i.e. build is platform dependent!
2023-11-23 19:10:15,564 [Worker-42: Building] INFO  o.e.m.c.i.embedder.EclipseLogger - Copying 0 resource
2023-11-23 19:10:15,565 [Worker-42: Building] WARN  o.e.m.c.i.embedder.EclipseLogger - Using platform encoding (UTF-8 actually) to copy filtered resources, i.e. build is platform dependent!
2023-11-23 19:10:15,565 [Worker-42: Building] INFO  o.e.m.c.i.embedder.EclipseLogger - Copying 0 resource
2023-11-23 19:10:37,650 [Worker-42: Building] WARN  o.e.m.c.i.embedder.EclipseLogger - Using platform encoding (UTF-8 actually) to copy filtered resources, i.e. build is platform dependent!
2023-11-23 19:10:37,651 [Worker-42: Building] INFO  o.e.m.c.i.embedder.EclipseLogger - Copying 0 resource
2023-11-23 19:10:37,653 [Worker-42: Building] WARN  o.e.m.c.i.embedder.EclipseLogger - Using platform encoding (UTF-8 actually) to copy filtered resources, i.e. build is platform dependent!
2023-11-23 19:10:37,654 [Worker-42: Building] INFO  o.e.m.c.i.embedder.EclipseLogger - Copying 0 resource
2023-11-23 19:10:38,665 [Worker-37: Building] WARN  o.e.m.c.i.embedder.EclipseLogger - Using platform encoding (UTF-8 actually) to copy filtered resources, i.e. build is platform dependent!
2023-11-23 19:10:38,666 [Worker-37: Building] INFO  o.e.m.c.i.embedder.EclipseLogger - Copying 0 resource
2023-11-23 19:10:38,667 [Worker-37: Building] WARN  o.e.m.c.i.embedder.EclipseLogger - Using platform encoding (UTF-8 actually) to copy filtered resources, i.e. build is platform dependent!
2023-11-23 19:10:38,668 [Worker-37: Building] INFO  o.e.m.c.i.embedder.EclipseLogger - Copying 0 resource
2023-11-23 19:11:55,799 [Worker-46: Building] WARN  o.e.m.c.i.embedder.EclipseLogger - Using platform encoding (UTF-8 actually) to copy filtered resources, i.e. build is platform dependent!
2023-11-23 19:11:55,801 [Worker-46: Building] INFO  o.e.m.c.i.embedder.EclipseLogger - Copying 0 resource
2023-11-23 19:11:55,803 [Worker-46: Building] WARN  o.e.m.c.i.embedder.EclipseLogger - Using platform encoding (UTF-8 actually) to copy filtered resources, i.e. build is platform dependent!
2023-11-23 19:11:55,804 [Worker-46: Building] INFO  o.e.m.c.i.embedder.EclipseLogger - Copying 0 resource
2023-11-23 19:14:41,740 [Worker-37: Building] WARN  o.e.m.c.i.embedder.EclipseLogger - Using platform encoding (UTF-8 actually) to copy filtered resources, i.e. build is platform dependent!
2023-11-23 19:14:41,741 [Worker-37: Building] INFO  o.e.m.c.i.embedder.EclipseLogger - Copying 0 resource
2023-11-23 19:14:41,744 [Worker-37: Building] WARN  o.e.m.c.i.embedder.EclipseLogger - Using platform encoding (UTF-8 actually) to copy filtered resources, i.e. build is platform dependent!
2023-11-23 19:14:41,748 [Worker-37: Building] INFO  o.e.m.c.i.embedder.EclipseLogger - Copying 0 resource
2023-11-23 19:16:14,195 [Worker-45: Launching AspectJStyleTest] INFO  o.e.m.c.i.l.LifecycleMappingFactory - Using org.eclipse.m2e.jdt.JarLifecycleMapping lifecycle mapping for MavenProject: com.jdc.spring:spring-aop-aspectj-style:1.0 @ D:\Spring(JDC)\spring-aop-aspectj-style\pom.xml.
2023-11-23 19:16:14,288 [Worker-45: Launching AspectJStyleTest] WARN  o.e.m.c.i.embedder.EclipseLogger - Using platform encoding (UTF-8 actually) to copy filtered resources, i.e. build is platform dependent!
2023-11-23 19:16:14,289 [Worker-45: Launching AspectJStyleTest] INFO  o.e.m.c.i.embedder.EclipseLogger - Copying 0 resource
2023-11-23 19:16:14,292 [Worker-45: Launching AspectJStyleTest] WARN  o.e.m.c.i.embedder.EclipseLogger - Using platform encoding (UTF-8 actually) to copy filtered resources, i.e. build is platform dependent!
2023-11-23 19:16:14,293 [Worker-45: Launching AspectJStyleTest] INFO  o.e.m.c.i.embedder.EclipseLogger - Copying 0 resource
2023-11-23 19:16:14,378 [Worker-46: Updating Maven Project] INFO  o.e.m.c.i.p.ProjectConfigurationManager - Update started
2023-11-23 19:16:14,523 [Worker-46: Updating Maven Project] INFO  o.e.m.c.i.l.LifecycleMappingFactory - Using org.eclipse.m2e.jdt.JarLifecycleMapping lifecycle mapping for MavenProject: com.jdc.spring:spring-aop-aspectj-style:1.0 @ D:\Spring(JDC)\spring-aop-aspectj-style\pom.xml.
2023-11-23 19:16:14,707 [Worker-46: Updating Maven Project] INFO  o.e.m.j.i.AbstractJavaProjectConfigurator - Adding source folder /spring-aop-aspectj-style/src/main/java
2023-11-23 19:16:14,708 [Worker-46: Updating Maven Project] INFO  o.e.m.j.i.AbstractJavaProjectConfigurator - Adding resource folder /spring-aop-aspectj-style/src/main/resources
2023-11-23 19:16:14,708 [Worker-46: Updating Maven Project] INFO  o.e.m.j.i.AbstractJavaProjectConfigurator - Adding source folder /spring-aop-aspectj-style/src/test/java
2023-11-23 19:16:14,708 [Worker-46: Updating Maven Project] INFO  o.e.m.j.i.AbstractJavaProjectConfigurator - Adding resource folder /spring-aop-aspectj-style/src/test/resources
2023-11-23 19:16:14,947 [Worker-46: Updating Maven Project] INFO  o.e.m.c.i.p.ProjectConfigurationManager - Update completed for 1 poms: local refresh takes 0.00 sec, refresh facades takes 0.00 sec, update config takes 0.00 sec 
2023-11-23 19:16:15,153 [Worker-37: Building] WARN  o.e.m.c.i.embedder.EclipseLogger - Using platform encoding (UTF-8 actually) to copy filtered resources, i.e. build is platform dependent!
2023-11-23 19:16:15,154 [Worker-37: Building] INFO  o.e.m.c.i.embedder.EclipseLogger - Copying 0 resource
2023-11-23 19:16:15,158 [Worker-37: Building] WARN  o.e.m.c.i.embedder.EclipseLogger - Using platform encoding (UTF-8 actually) to copy filtered resources, i.e. build is platform dependent!
2023-11-23 19:16:15,160 [Worker-37: Building] INFO  o.e.m.c.i.embedder.EclipseLogger - Copying 0 resource
2023-11-23 19:16:16,413 [Worker-45: Launching AspectJStyleTest] INFO  o.e.m.c.i.e.AbstractTransferListenerAdapter - Downloading https://repo.maven.apache.org/maven2/org/junit/platform/junit-platform-launcher/1.10.1/junit-platform-launcher-1.10.1.jar
2023-11-23 19:16:16,780 [Worker-45: Launching AspectJStyleTest] INFO  o.e.m.c.i.e.AbstractTransferListenerAdapter - Downloaded https://repo.maven.apache.org/maven2/org/junit/platform/junit-platform-launcher/1.10.1/junit-platform-launcher-1.10.1.jar
2023-11-23 19:17:28,804 [Worker-46: Building] WARN  o.e.m.c.i.embedder.EclipseLogger - Using platform encoding (UTF-8 actually) to copy filtered resources, i.e. build is platform dependent!
2023-11-23 19:17:28,805 [Worker-46: Building] INFO  o.e.m.c.i.embedder.EclipseLogger - Copying 0 resource
2023-11-23 19:17:28,806 [Worker-46: Building] WARN  o.e.m.c.i.embedder.EclipseLogger - Using platform encoding (UTF-8 actually) to copy filtered resources, i.e. build is platform dependent!
2023-11-23 19:17:28,807 [Worker-46: Building] INFO  o.e.m.c.i.embedder.EclipseLogger - Copying 0 resource
2023-11-23 19:23:31,845 [Worker-53: Building] WARN  o.e.m.c.i.embedder.EclipseLogger - Using platform encoding (UTF-8 actually) to copy filtered resources, i.e. build is platform dependent!
2023-11-23 19:23:31,847 [Worker-53: Building] INFO  o.e.m.c.i.embedder.EclipseLogger - Copying 0 resource
2023-11-23 19:23:31,849 [Worker-53: Building] WARN  o.e.m.c.i.embedder.EclipseLogger - Using platform encoding (UTF-8 actually) to copy filtered resources, i.e. build is platform dependent!
2023-11-23 19:23:31,851 [Worker-53: Building] INFO  o.e.m.c.i.embedder.EclipseLogger - Copying 0 resource
2023-11-23 19:23:36,152 [Worker-53: Building] WARN  o.e.m.c.i.embedder.EclipseLogger - Using platform encoding (UTF-8 actually) to copy filtered resources, i.e. build is platform dependent!
2023-11-23 19:23:36,153 [Worker-53: Building] INFO  o.e.m.c.i.embedder.EclipseLogger - Copying 0 resource
2023-11-23 19:23:36,154 [Worker-53: Building] WARN  o.e.m.c.i.embedder.EclipseLogger - Using platform encoding (UTF-8 actually) to copy filtered resources, i.e. build is platform dependent!
2023-11-23 19:23:36,155 [Worker-53: Building] INFO  o.e.m.c.i.embedder.EclipseLogger - Copying 0 resource
2023-11-23 19:26:27,291 [Worker-54: Launching AspectJStyleTest] WARN  o.e.m.c.i.embedder.EclipseLogger - Using platform encoding (UTF-8 actually) to copy filtered resources, i.e. build is platform dependent!
2023-11-23 19:26:27,292 [Worker-54: Launching AspectJStyleTest] INFO  o.e.m.c.i.embedder.EclipseLogger - Copying 0 resource
2023-11-23 19:26:27,294 [Worker-54: Launching AspectJStyleTest] WARN  o.e.m.c.i.embedder.EclipseLogger - Using platform encoding (UTF-8 actually) to copy filtered resources, i.e. build is platform dependent!
2023-11-23 19:26:27,294 [Worker-54: Launching AspectJStyleTest] INFO  o.e.m.c.i.embedder.EclipseLogger - Copying 0 resource
2023-11-23 19:27:19,664 [Worker-52: Launching AspectJStyleTest] WARN  o.e.m.c.i.embedder.EclipseLogger - Using platform encoding (UTF-8 actually) to copy filtered resources, i.e. build is platform dependent!
2023-11-23 19:27:19,665 [Worker-52: Launching AspectJStyleTest] INFO  o.e.m.c.i.embedder.EclipseLogger - Copying 0 resource
2023-11-23 19:27:19,668 [Worker-52: Launching AspectJStyleTest] WARN  o.e.m.c.i.embedder.EclipseLogger - Using platform encoding (UTF-8 actually) to copy filtered resources, i.e. build is platform dependent!
2023-11-23 19:27:19,670 [Worker-52: Launching AspectJStyleTest] INFO  o.e.m.c.i.embedder.EclipseLogger - Copying 0 resource
2023-11-23 19:28:14,395 [Worker-54: Launching AspectJStyleTest] WARN  o.e.m.c.i.embedder.EclipseLogger - Using platform encoding (UTF-8 actually) to copy filtered resources, i.e. build is platform dependent!
2023-11-23 19:28:14,397 [Worker-54: Launching AspectJStyleTest] INFO  o.e.m.c.i.embedder.EclipseLogger - Copying 0 resource
2023-11-23 19:28:14,400 [Worker-54: Launching AspectJStyleTest] WARN  o.e.m.c.i.embedder.EclipseLogger - Using platform encoding (UTF-8 actually) to copy filtered resources, i.e. build is platform dependent!
2023-11-23 19:28:14,401 [Worker-54: Launching AspectJStyleTest] INFO  o.e.m.c.i.embedder.EclipseLogger - Copying 0 resource
2023-11-23 22:04:01,639 [Worker-63: Launching AspectJStyleTest] WARN  o.e.m.c.i.embedder.EclipseLogger - Using platform encoding (UTF-8 actually) to copy filtered resources, i.e. build is platform dependent!
2023-11-23 22:04:01,643 [Worker-63: Launching AspectJStyleTest] INFO  o.e.m.c.i.embedder.EclipseLogger - Copying 0 resource
2023-11-23 22:04:01,649 [Worker-63: Launching AspectJStyleTest] WARN  o.e.m.c.i.embedder.EclipseLogger - Using platform encoding (UTF-8 actually) to copy filtered resources, i.e. build is platform dependent!
2023-11-23 22:04:01,651 [Worker-63: Launching AspectJStyleTest] INFO  o.e.m.c.i.embedder.EclipseLogger - Copying 0 resource
2023-11-23 22:04:25,190 [Worker-62: Launching AspectJStyleTest] WARN  o.e.m.c.i.embedder.EclipseLogger - Using platform encoding (UTF-8 actually) to copy filtered resources, i.e. build is platform dependent!
2023-11-23 22:04:25,191 [Worker-62: Launching AspectJStyleTest] INFO  o.e.m.c.i.embedder.EclipseLogger - Copying 0 resource
2023-11-23 22:04:25,197 [Worker-62: Launching AspectJStyleTest] WARN  o.e.m.c.i.embedder.EclipseLogger - Using platform encoding (UTF-8 actually) to copy filtered resources, i.e. build is platform dependent!
2023-11-23 22:04:25,199 [Worker-62: Launching AspectJStyleTest] INFO  o.e.m.c.i.embedder.EclipseLogger - Copying 0 resource
2023-11-23 22:04:33,438 [Worker-61: Launching AspectJStyleTest] WARN  o.e.m.c.i.embedder.EclipseLogger - Using platform encoding (UTF-8 actually) to copy filtered resources, i.e. build is platform dependent!
2023-11-23 22:04:33,439 [Worker-61: Launching AspectJStyleTest] INFO  o.e.m.c.i.embedder.EclipseLogger - Copying 0 resource
2023-11-23 22:04:33,441 [Worker-61: Launching AspectJStyleTest] WARN  o.e.m.c.i.embedder.EclipseLogger - Using platform encoding (UTF-8 actually) to copy filtered resources, i.e. build is platform dependent!
2023-11-23 22:04:33,442 [Worker-61: Launching AspectJStyleTest] INFO  o.e.m.c.i.embedder.EclipseLogger - Copying 0 resource
2023-11-23 22:05:14,886 [Worker-50: Launching AspectJStyleTest] WARN  o.e.m.c.i.embedder.EclipseLogger - Using platform encoding (UTF-8 actually) to copy filtered resources, i.e. build is platform dependent!
2023-11-23 22:05:14,888 [Worker-50: Launching AspectJStyleTest] INFO  o.e.m.c.i.embedder.EclipseLogger - Copying 0 resource
2023-11-23 22:05:14,890 [Worker-50: Launching AspectJStyleTest] WARN  o.e.m.c.i.embedder.EclipseLogger - Using platform encoding (UTF-8 actually) to copy filtered resources, i.e. build is platform dependent!
2023-11-23 22:05:14,891 [Worker-50: Launching AspectJStyleTest] INFO  o.e.m.c.i.embedder.EclipseLogger - Copying 0 resource
2023-11-23 22:09:21,341 [Worker-65: Launching AspectJStyleTest] WARN  o.e.m.c.i.embedder.EclipseLogger - Using platform encoding (UTF-8 actually) to copy filtered resources, i.e. build is platform dependent!
2023-11-23 22:09:21,343 [Worker-65: Launching AspectJStyleTest] INFO  o.e.m.c.i.embedder.EclipseLogger - Copying 0 resource
2023-11-23 22:09:21,346 [Worker-65: Launching AspectJStyleTest] WARN  o.e.m.c.i.embedder.EclipseLogger - Using platform encoding (UTF-8 actually) to copy filtered resources, i.e. build is platform dependent!
2023-11-23 22:09:21,347 [Worker-65: Launching AspectJStyleTest] INFO  o.e.m.c.i.embedder.EclipseLogger - Copying 0 resource
2023-11-23 22:09:34,529 [Worker-62: Launching AspectJStyleTest] WARN  o.e.m.c.i.embedder.EclipseLogger - Using platform encoding (UTF-8 actually) to copy filtered resources, i.e. build is platform dependent!
2023-11-23 22:09:34,531 [Worker-62: Launching AspectJStyleTest] INFO  o.e.m.c.i.embedder.EclipseLogger - Copying 0 resource
2023-11-23 22:09:34,533 [Worker-62: Launching AspectJStyleTest] WARN  o.e.m.c.i.embedder.EclipseLogger - Using platform encoding (UTF-8 actually) to copy filtered resources, i.e. build is platform dependent!
2023-11-23 22:09:34,535 [Worker-62: Launching AspectJStyleTest] INFO  o.e.m.c.i.embedder.EclipseLogger - Copying 0 resource
2023-11-23 22:36:39,037 [Worker-67: Launching AspectJStyleTest] WARN  o.e.m.c.i.embedder.EclipseLogger - Using platform encoding (UTF-8 actually) to copy filtered resources, i.e. build is platform dependent!
2023-11-23 22:36:39,040 [Worker-67: Launching AspectJStyleTest] INFO  o.e.m.c.i.embedder.EclipseLogger - Copying 0 resource
2023-11-23 22:36:39,047 [Worker-67: Launching AspectJStyleTest] WARN  o.e.m.c.i.embedder.EclipseLogger - Using platform encoding (UTF-8 actually) to copy filtered resources, i.e. build is platform dependent!
2023-11-23 22:36:39,048 [Worker-67: Launching AspectJStyleTest] INFO  o.e.m.c.i.embedder.EclipseLogger - Copying 0 resource
2023-11-23 22:37:24,008 [Worker-69: Launching AspectJStyleTest] WARN  o.e.m.c.i.embedder.EclipseLogger - Using platform encoding (UTF-8 actually) to copy filtered resources, i.e. build is platform dependent!
2023-11-23 22:37:24,011 [Worker-69: Launching AspectJStyleTest] INFO  o.e.m.c.i.embedder.EclipseLogger - Copying 0 resource
2023-11-23 22:37:24,015 [Worker-69: Launching AspectJStyleTest] WARN  o.e.m.c.i.embedder.EclipseLogger - Using platform encoding (UTF-8 actually) to copy filtered resources, i.e. build is platform dependent!
2023-11-23 22:37:24,016 [Worker-69: Launching AspectJStyleTest] INFO  o.e.m.c.i.embedder.EclipseLogger - Copying 0 resource
2023-11-23 22:38:38,861 [Worker-69: Launching AspectJStyleTest] WARN  o.e.m.c.i.embedder.EclipseLogger - Using platform encoding (UTF-8 actually) to copy filtered resources, i.e. build is platform dependent!
2023-11-23 22:38:38,862 [Worker-69: Launching AspectJStyleTest] INFO  o.e.m.c.i.embedder.EclipseLogger - Copying 0 resource
2023-11-23 22:38:38,865 [Worker-69: Launching AspectJStyleTest] WARN  o.e.m.c.i.embedder.EclipseLogger - Using platform encoding (UTF-8 actually) to copy filtered resources, i.e. build is platform dependent!
2023-11-23 22:38:38,866 [Worker-69: Launching AspectJStyleTest] INFO  o.e.m.c.i.embedder.EclipseLogger - Copying 0 resource
2023-11-23 22:38:58,318 [Worker-68: Launching AspectJStyleTest] WARN  o.e.m.c.i.embedder.EclipseLogger - Using platform encoding (UTF-8 actually) to copy filtered resources, i.e. build is platform dependent!
2023-11-23 22:38:58,321 [Worker-68: Launching AspectJStyleTest] INFO  o.e.m.c.i.embedder.EclipseLogger - Copying 0 resource
2023-11-23 22:38:58,326 [Worker-68: Launching AspectJStyleTest] WARN  o.e.m.c.i.embedder.EclipseLogger - Using platform encoding (UTF-8 actually) to copy filtered resources, i.e. build is platform dependent!
2023-11-23 22:38:58,327 [Worker-68: Launching AspectJStyleTest] INFO  o.e.m.c.i.embedder.EclipseLogger - Copying 0 resource
2023-11-23 22:50:35,485 [Worker-76: Launching AspectJStyleTest] WARN  o.e.m.c.i.embedder.EclipseLogger - Using platform encoding (UTF-8 actually) to copy filtered resources, i.e. build is platform dependent!
2023-11-23 22:50:35,487 [Worker-76: Launching AspectJStyleTest] INFO  o.e.m.c.i.embedder.EclipseLogger - Copying 0 resource
2023-11-23 22:50:35,490 [Worker-76: Launching AspectJStyleTest] WARN  o.e.m.c.i.embedder.EclipseLogger - Using platform encoding (UTF-8 actually) to copy filtered resources, i.e. build is platform dependent!
2023-11-23 22:50:35,492 [Worker-76: Launching AspectJStyleTest] INFO  o.e.m.c.i.embedder.EclipseLogger - Copying 0 resource
2023-11-23 22:53:18,258 [Worker-74: Launching AspectJStyleTest] WARN  o.e.m.c.i.embedder.EclipseLogger - Using platform encoding (UTF-8 actually) to copy filtered resources, i.e. build is platform dependent!
2023-11-23 22:53:18,260 [Worker-74: Launching AspectJStyleTest] INFO  o.e.m.c.i.embedder.EclipseLogger - Copying 0 resource
2023-11-23 22:53:18,262 [Worker-74: Launching AspectJStyleTest] WARN  o.e.m.c.i.embedder.EclipseLogger - Using platform encoding (UTF-8 actually) to copy filtered resources, i.e. build is platform dependent!
2023-11-23 22:53:18,263 [Worker-74: Launching AspectJStyleTest] INFO  o.e.m.c.i.embedder.EclipseLogger - Copying 0 resource
2023-11-23 22:53:55,798 [Worker-78: Launching AspectJStyleTest] WARN  o.e.m.c.i.embedder.EclipseLogger - Using platform encoding (UTF-8 actually) to copy filtered resources, i.e. build is platform dependent!
2023-11-23 22:53:55,800 [Worker-78: Launching AspectJStyleTest] INFO  o.e.m.c.i.embedder.EclipseLogger - Copying 0 resource
2023-11-23 22:53:55,803 [Worker-78: Launching AspectJStyleTest] WARN  o.e.m.c.i.embedder.EclipseLogger - Using platform encoding (UTF-8 actually) to copy filtered resources, i.e. build is platform dependent!
2023-11-23 22:53:55,804 [Worker-78: Launching AspectJStyleTest] INFO  o.e.m.c.i.embedder.EclipseLogger - Copying 0 resource
2023-11-23 22:59:16,200 [Worker-81: Launching AspectJStyleTest] WARN  o.e.m.c.i.embedder.EclipseLogger - Using platform encoding (UTF-8 actually) to copy filtered resources, i.e. build is platform dependent!
2023-11-23 22:59:16,202 [Worker-81: Launching AspectJStyleTest] INFO  o.e.m.c.i.embedder.EclipseLogger - Copying 0 resource
2023-11-23 22:59:16,204 [Worker-81: Launching AspectJStyleTest] WARN  o.e.m.c.i.embedder.EclipseLogger - Using platform encoding (UTF-8 actually) to copy filtered resources, i.e. build is platform dependent!
2023-11-23 22:59:16,205 [Worker-81: Launching AspectJStyleTest] INFO  o.e.m.c.i.embedder.EclipseLogger - Copying 0 resource
2023-11-23 23:01:19,765 [Worker-81: Launching AspectJStyleTest] WARN  o.e.m.c.i.embedder.EclipseLogger - Using platform encoding (UTF-8 actually) to copy filtered resources, i.e. build is platform dependent!
2023-11-23 23:01:19,767 [Worker-81: Launching AspectJStyleTest] INFO  o.e.m.c.i.embedder.EclipseLogger - Copying 0 resource
2023-11-23 23:01:19,774 [Worker-81: Launching AspectJStyleTest] WARN  o.e.m.c.i.embedder.EclipseLogger - Using platform encoding (UTF-8 actually) to copy filtered resources, i.e. build is platform dependent!
2023-11-23 23:01:19,775 [Worker-81: Launching AspectJStyleTest] INFO  o.e.m.c.i.embedder.EclipseLogger - Copying 0 resource
2023-11-23 23:01:43,309 [Worker-79: Launching AspectJStyleTest] WARN  o.e.m.c.i.embedder.EclipseLogger - Using platform encoding (UTF-8 actually) to copy filtered resources, i.e. build is platform dependent!
2023-11-23 23:01:43,310 [Worker-79: Launching AspectJStyleTest] INFO  o.e.m.c.i.embedder.EclipseLogger - Copying 0 resource
2023-11-23 23:01:43,314 [Worker-79: Launching AspectJStyleTest] WARN  o.e.m.c.i.embedder.EclipseLogger - Using platform encoding (UTF-8 actually) to copy filtered resources, i.e. build is platform dependent!
2023-11-23 23:01:43,318 [Worker-79: Launching AspectJStyleTest] INFO  o.e.m.c.i.embedder.EclipseLogger - Copying 0 resource
2023-11-23 23:07:50,178 [Worker-79: Launching AspectJStyleTest] WARN  o.e.m.c.i.embedder.EclipseLogger - Using platform encoding (UTF-8 actually) to copy filtered resources, i.e. build is platform dependent!
2023-11-23 23:07:50,179 [Worker-79: Launching AspectJStyleTest] INFO  o.e.m.c.i.embedder.EclipseLogger - Copying 0 resource
2023-11-23 23:07:50,185 [Worker-79: Launching AspectJStyleTest] WARN  o.e.m.c.i.embedder.EclipseLogger - Using platform encoding (UTF-8 actually) to copy filtered resources, i.e. build is platform dependent!
2023-11-23 23:07:50,186 [Worker-79: Launching AspectJStyleTest] INFO  o.e.m.c.i.embedder.EclipseLogger - Copying 0 resource
2023-11-23 23:30:59,417 [Worker-82: Building] WARN  o.e.m.c.i.embedder.EclipseLogger - Using platform encoding (UTF-8 actually) to copy filtered resources, i.e. build is platform dependent!
2023-11-23 23:30:59,418 [Worker-82: Building] INFO  o.e.m.c.i.embedder.EclipseLogger - Copying 0 resource
2023-11-23 23:30:59,421 [Worker-82: Building] WARN  o.e.m.c.i.embedder.EclipseLogger - Using platform encoding (UTF-8 actually) to copy filtered resources, i.e. build is platform dependent!
2023-11-23 23:30:59,424 [Worker-82: Building] INFO  o.e.m.c.i.embedder.EclipseLogger - Copying 0 resource
2023-11-23 23:32:13,541 [Worker-82: Building] WARN  o.e.m.c.i.embedder.EclipseLogger - Using platform encoding (UTF-8 actually) to copy filtered resources, i.e. build is platform dependent!
2023-11-23 23:32:13,542 [Worker-82: Building] INFO  o.e.m.c.i.embedder.EclipseLogger - Copying 0 resource
2023-11-23 23:32:13,544 [Worker-82: Building] WARN  o.e.m.c.i.embedder.EclipseLogger - Using platform encoding (UTF-8 actually) to copy filtered resources, i.e. build is platform dependent!
2023-11-23 23:32:13,544 [Worker-82: Building] INFO  o.e.m.c.i.embedder.EclipseLogger - Copying 0 resource
2023-11-23 23:46:52,994 [Worker-82: Launching AspectJStyleTest] WARN  o.e.m.c.i.embedder.EclipseLogger - Using platform encoding (UTF-8 actually) to copy filtered resources, i.e. build is platform dependent!
2023-11-23 23:46:52,995 [Worker-82: Launching AspectJStyleTest] INFO  o.e.m.c.i.embedder.EclipseLogger - Copying 0 resource
2023-11-23 23:46:52,997 [Worker-82: Launching AspectJStyleTest] WARN  o.e.m.c.i.embedder.EclipseLogger - Using platform encoding (UTF-8 actually) to copy filtered resources, i.e. build is platform dependent!
2023-11-23 23:46:52,998 [Worker-82: Launching AspectJStyleTest] INFO  o.e.m.c.i.embedder.EclipseLogger - Copying 0 resource
2023-11-23 23:48:09,601 [Worker-82: Launching AspectJStyleTest] WARN  o.e.m.c.i.embedder.EclipseLogger - Using platform encoding (UTF-8 actually) to copy filtered resources, i.e. build is platform dependent!
2023-11-23 23:48:09,602 [Worker-82: Launching AspectJStyleTest] INFO  o.e.m.c.i.embedder.EclipseLogger - Copying 0 resource
2023-11-23 23:48:09,604 [Worker-82: Launching AspectJStyleTest] WARN  o.e.m.c.i.embedder.EclipseLogger - Using platform encoding (UTF-8 actually) to copy filtered resources, i.e. build is platform dependent!
2023-11-23 23:48:09,606 [Worker-82: Launching AspectJStyleTest] INFO  o.e.m.c.i.embedder.EclipseLogger - Copying 0 resource
2023-11-23 23:48:22,763 [Worker-89: Launching AspectJStyleTest] WARN  o.e.m.c.i.embedder.EclipseLogger - Using platform encoding (UTF-8 actually) to copy filtered resources, i.e. build is platform dependent!
2023-11-23 23:48:22,767 [Worker-89: Launching AspectJStyleTest] INFO  o.e.m.c.i.embedder.EclipseLogger - Copying 0 resource
2023-11-23 23:48:22,770 [Worker-89: Launching AspectJStyleTest] WARN  o.e.m.c.i.embedder.EclipseLogger - Using platform encoding (UTF-8 actually) to copy filtered resources, i.e. build is platform dependent!
2023-11-23 23:48:22,771 [Worker-89: Launching AspectJStyleTest] INFO  o.e.m.c.i.embedder.EclipseLogger - Copying 0 resource
2023-11-23 23:48:55,880 [Worker-88: Launching AspectJStyleTest] WARN  o.e.m.c.i.embedder.EclipseLogger - Using platform encoding (UTF-8 actually) to copy filtered resources, i.e. build is platform dependent!
2023-11-23 23:48:55,883 [Worker-88: Launching AspectJStyleTest] INFO  o.e.m.c.i.embedder.EclipseLogger - Copying 0 resource
2023-11-23 23:48:55,891 [Worker-88: Launching AspectJStyleTest] WARN  o.e.m.c.i.embedder.EclipseLogger - Using platform encoding (UTF-8 actually) to copy filtered resources, i.e. build is platform dependent!
2023-11-23 23:48:55,892 [Worker-88: Launching AspectJStyleTest] INFO  o.e.m.c.i.embedder.EclipseLogger - Copying 0 resource
2023-11-23 23:49:21,415 [Worker-91: Launching AspectJStyleTest] WARN  o.e.m.c.i.embedder.EclipseLogger - Using platform encoding (UTF-8 actually) to copy filtered resources, i.e. build is platform dependent!
2023-11-23 23:49:21,416 [Worker-91: Launching AspectJStyleTest] INFO  o.e.m.c.i.embedder.EclipseLogger - Copying 0 resource
2023-11-23 23:49:21,418 [Worker-91: Launching AspectJStyleTest] WARN  o.e.m.c.i.embedder.EclipseLogger - Using platform encoding (UTF-8 actually) to copy filtered resources, i.e. build is platform dependent!
2023-11-23 23:49:21,419 [Worker-91: Launching AspectJStyleTest] INFO  o.e.m.c.i.embedder.EclipseLogger - Copying 0 resource
2023-11-23 23:53:15,490 [Worker-87: Launching AspectJStyleTest] WARN  o.e.m.c.i.embedder.EclipseLogger - Using platform encoding (UTF-8 actually) to copy filtered resources, i.e. build is platform dependent!
2023-11-23 23:53:15,495 [Worker-87: Launching AspectJStyleTest] INFO  o.e.m.c.i.embedder.EclipseLogger - Copying 0 resource
2023-11-23 23:53:15,497 [Worker-87: Launching AspectJStyleTest] WARN  o.e.m.c.i.embedder.EclipseLogger - Using platform encoding (UTF-8 actually) to copy filtered resources, i.e. build is platform dependent!
2023-11-23 23:53:15,499 [Worker-87: Launching AspectJStyleTest] INFO  o.e.m.c.i.embedder.EclipseLogger - Copying 0 resource
2023-11-23 23:53:39,764 [Worker-89: Launching AspectJStyleTest] WARN  o.e.m.c.i.embedder.EclipseLogger - Using platform encoding (UTF-8 actually) to copy filtered resources, i.e. build is platform dependent!
2023-11-23 23:53:39,766 [Worker-89: Launching AspectJStyleTest] INFO  o.e.m.c.i.embedder.EclipseLogger - Copying 0 resource
2023-11-23 23:53:39,769 [Worker-89: Launching AspectJStyleTest] WARN  o.e.m.c.i.embedder.EclipseLogger - Using platform encoding (UTF-8 actually) to copy filtered resources, i.e. build is platform dependent!
2023-11-23 23:53:39,773 [Worker-89: Launching AspectJStyleTest] INFO  o.e.m.c.i.embedder.EclipseLogger - Copying 0 resource
2023-11-23 23:54:07,308 [Worker-89: Launching AspectJStyleTest] WARN  o.e.m.c.i.embedder.EclipseLogger - Using platform encoding (UTF-8 actually) to copy filtered resources, i.e. build is platform dependent!
2023-11-23 23:54:07,309 [Worker-89: Launching AspectJStyleTest] INFO  o.e.m.c.i.embedder.EclipseLogger - Copying 0 resource
2023-11-23 23:54:07,312 [Worker-89: Launching AspectJStyleTest] WARN  o.e.m.c.i.embedder.EclipseLogger - Using platform encoding (UTF-8 actually) to copy filtered resources, i.e. build is platform dependent!
2023-11-23 23:54:07,314 [Worker-89: Launching AspectJStyleTest] INFO  o.e.m.c.i.embedder.EclipseLogger - Copying 0 resource
2023-11-23 23:58:48,598 [Worker-95: Launching AspectJStyleTest] WARN  o.e.m.c.i.embedder.EclipseLogger - Using platform encoding (UTF-8 actually) to copy filtered resources, i.e. build is platform dependent!
2023-11-23 23:58:48,600 [Worker-95: Launching AspectJStyleTest] INFO  o.e.m.c.i.embedder.EclipseLogger - Copying 0 resource
2023-11-23 23:58:48,605 [Worker-95: Launching AspectJStyleTest] WARN  o.e.m.c.i.embedder.EclipseLogger - Using platform encoding (UTF-8 actually) to copy filtered resources, i.e. build is platform dependent!
2023-11-23 23:58:48,606 [Worker-95: Launching AspectJStyleTest] INFO  o.e.m.c.i.embedder.EclipseLogger - Copying 0 resource
2023-11-24 00:00:11,541 [Worker-97: Launching AspectJStyleTest] WARN  o.e.m.c.i.embedder.EclipseLogger - Using platform encoding (UTF-8 actually) to copy filtered resources, i.e. build is platform dependent!
2023-11-24 00:00:11,543 [Worker-97: Launching AspectJStyleTest] INFO  o.e.m.c.i.embedder.EclipseLogger - Copying 0 resource
2023-11-24 00:00:11,547 [Worker-97: Launching AspectJStyleTest] WARN  o.e.m.c.i.embedder.EclipseLogger - Using platform encoding (UTF-8 actually) to copy filtered resources, i.e. build is platform dependent!
2023-11-24 00:00:11,550 [Worker-97: Launching AspectJStyleTest] INFO  o.e.m.c.i.embedder.EclipseLogger - Copying 0 resource
2023-11-24 00:02:18,990 [Worker-98: Launching AspectJStyleTest] WARN  o.e.m.c.i.embedder.EclipseLogger - Using platform encoding (UTF-8 actually) to copy filtered resources, i.e. build is platform dependent!
2023-11-24 00:02:18,991 [Worker-98: Launching AspectJStyleTest] INFO  o.e.m.c.i.embedder.EclipseLogger - Copying 0 resource
2023-11-24 00:02:18,995 [Worker-98: Launching AspectJStyleTest] WARN  o.e.m.c.i.embedder.EclipseLogger - Using platform encoding (UTF-8 actually) to copy filtered resources, i.e. build is platform dependent!
2023-11-24 00:02:18,996 [Worker-98: Launching AspectJStyleTest] INFO  o.e.m.c.i.embedder.EclipseLogger - Copying 0 resource
2023-11-24 00:03:30,077 [Worker-99: Launching AspectJStyleTest] WARN  o.e.m.c.i.embedder.EclipseLogger - Using platform encoding (UTF-8 actually) to copy filtered resources, i.e. build is platform dependent!
2023-11-24 00:03:30,079 [Worker-99: Launching AspectJStyleTest] INFO  o.e.m.c.i.embedder.EclipseLogger - Copying 0 resource
2023-11-24 00:03:30,082 [Worker-99: Launching AspectJStyleTest] WARN  o.e.m.c.i.embedder.EclipseLogger - Using platform encoding (UTF-8 actually) to copy filtered resources, i.e. build is platform dependent!
2023-11-24 00:03:30,084 [Worker-99: Launching AspectJStyleTest] INFO  o.e.m.c.i.embedder.EclipseLogger - Copying 0 resource
2023-11-24 00:04:07,595 [Worker-87: Launching AspectJStyleTest] WARN  o.e.m.c.i.embedder.EclipseLogger - Using platform encoding (UTF-8 actually) to copy filtered resources, i.e. build is platform dependent!
2023-11-24 00:04:07,597 [Worker-87: Launching AspectJStyleTest] INFO  o.e.m.c.i.embedder.EclipseLogger - Copying 0 resource
2023-11-24 00:04:07,599 [Worker-87: Launching AspectJStyleTest] WARN  o.e.m.c.i.embedder.EclipseLogger - Using platform encoding (UTF-8 actually) to copy filtered resources, i.e. build is platform dependent!
2023-11-24 00:04:07,601 [Worker-87: Launching AspectJStyleTest] INFO  o.e.m.c.i.embedder.EclipseLogger - Copying 0 resource
2023-11-24 00:05:26,115 [Worker-101: Launching AspectJStyleTest] WARN  o.e.m.c.i.embedder.EclipseLogger - Using platform encoding (UTF-8 actually) to copy filtered resources, i.e. build is platform dependent!
2023-11-24 00:05:26,117 [Worker-101: Launching AspectJStyleTest] INFO  o.e.m.c.i.embedder.EclipseLogger - Copying 0 resource
2023-11-24 00:05:26,120 [Worker-101: Launching AspectJStyleTest] WARN  o.e.m.c.i.embedder.EclipseLogger - Using platform encoding (UTF-8 actually) to copy filtered resources, i.e. build is platform dependent!
2023-11-24 00:05:26,122 [Worker-101: Launching AspectJStyleTest] INFO  o.e.m.c.i.embedder.EclipseLogger - Copying 0 resource
2023-11-24 00:06:17,202 [Worker-87: Launching AspectJStyleTest] WARN  o.e.m.c.i.embedder.EclipseLogger - Using platform encoding (UTF-8 actually) to copy filtered resources, i.e. build is platform dependent!
2023-11-24 00:06:17,203 [Worker-87: Launching AspectJStyleTest] INFO  o.e.m.c.i.embedder.EclipseLogger - Copying 0 resource
2023-11-24 00:06:17,205 [Worker-87: Launching AspectJStyleTest] WARN  o.e.m.c.i.embedder.EclipseLogger - Using platform encoding (UTF-8 actually) to copy filtered resources, i.e. build is platform dependent!
2023-11-24 00:06:17,206 [Worker-87: Launching AspectJStyleTest] INFO  o.e.m.c.i.embedder.EclipseLogger - Copying 0 resource
2023-11-24 00:08:52,515 [Worker-101: Launching AspectJStyleTest] WARN  o.e.m.c.i.embedder.EclipseLogger - Using platform encoding (UTF-8 actually) to copy filtered resources, i.e. build is platform dependent!
2023-11-24 00:08:52,517 [Worker-101: Launching AspectJStyleTest] INFO  o.e.m.c.i.embedder.EclipseLogger - Copying 0 resource
2023-11-24 00:08:52,520 [Worker-101: Launching AspectJStyleTest] WARN  o.e.m.c.i.embedder.EclipseLogger - Using platform encoding (UTF-8 actually) to copy filtered resources, i.e. build is platform dependent!
2023-11-24 00:08:52,521 [Worker-101: Launching AspectJStyleTest] INFO  o.e.m.c.i.embedder.EclipseLogger - Copying 0 resource
2023-11-24 00:09:09,104 [Worker-107: Launching AspectJStyleTest] WARN  o.e.m.c.i.embedder.EclipseLogger - Using platform encoding (UTF-8 actually) to copy filtered resources, i.e. build is platform dependent!
2023-11-24 00:09:09,106 [Worker-107: Launching AspectJStyleTest] INFO  o.e.m.c.i.embedder.EclipseLogger - Copying 0 resource
2023-11-24 00:09:09,108 [Worker-107: Launching AspectJStyleTest] WARN  o.e.m.c.i.embedder.EclipseLogger - Using platform encoding (UTF-8 actually) to copy filtered resources, i.e. build is platform dependent!
2023-11-24 00:09:09,110 [Worker-107: Launching AspectJStyleTest] INFO  o.e.m.c.i.embedder.EclipseLogger - Copying 0 resource
2023-11-24 00:09:53,899 [Worker-101: Launching AspectJStyleTest] WARN  o.e.m.c.i.embedder.EclipseLogger - Using platform encoding (UTF-8 actually) to copy filtered resources, i.e. build is platform dependent!
2023-11-24 00:09:53,901 [Worker-101: Launching AspectJStyleTest] INFO  o.e.m.c.i.embedder.EclipseLogger - Copying 0 resource
2023-11-24 00:09:53,904 [Worker-101: Launching AspectJStyleTest] WARN  o.e.m.c.i.embedder.EclipseLogger - Using platform encoding (UTF-8 actually) to copy filtered resources, i.e. build is platform dependent!
2023-11-24 00:09:53,908 [Worker-101: Launching AspectJStyleTest] INFO  o.e.m.c.i.embedder.EclipseLogger - Copying 0 resource
2023-11-24 00:12:57,639 [Worker-105: Launching AspectJStyleTest] WARN  o.e.m.c.i.embedder.EclipseLogger - Using platform encoding (UTF-8 actually) to copy filtered resources, i.e. build is platform dependent!
2023-11-24 00:12:57,640 [Worker-105: Launching AspectJStyleTest] INFO  o.e.m.c.i.embedder.EclipseLogger - Copying 0 resource
2023-11-24 00:12:57,643 [Worker-105: Launching AspectJStyleTest] WARN  o.e.m.c.i.embedder.EclipseLogger - Using platform encoding (UTF-8 actually) to copy filtered resources, i.e. build is platform dependent!
2023-11-24 00:12:57,645 [Worker-105: Launching AspectJStyleTest] INFO  o.e.m.c.i.embedder.EclipseLogger - Copying 0 resource
2023-11-24 15:01:34,348 [Worker-5: Loading available Gradle versions] INFO  o.e.b.c.i.u.g.PublishedGradleVersions - Gradle version information cache is up-to-date. Trying to read.
2023-11-24 15:17:12,280 [Worker-25: Launching AspectJStyleTest] WARN  o.e.m.c.i.embedder.EclipseLogger - Using platform encoding (UTF-8 actually) to copy filtered resources, i.e. build is platform dependent!
2023-11-24 15:17:12,564 [Worker-25: Launching AspectJStyleTest] INFO  o.e.m.c.i.embedder.EclipseLogger - Copying 0 resource
2023-11-24 15:17:12,577 [Worker-25: Launching AspectJStyleTest] WARN  o.e.m.c.i.embedder.EclipseLogger - Using platform encoding (UTF-8 actually) to copy filtered resources, i.e. build is platform dependent!
2023-11-24 15:17:12,580 [Worker-25: Launching AspectJStyleTest] INFO  o.e.m.c.i.embedder.EclipseLogger - Copying 0 resource
2023-11-24 15:17:54,054 [Worker-28: Launching AspectJStyleTest] WARN  o.e.m.c.i.embedder.EclipseLogger - Using platform encoding (UTF-8 actually) to copy filtered resources, i.e. build is platform dependent!
2023-11-24 15:17:54,058 [Worker-28: Launching AspectJStyleTest] INFO  o.e.m.c.i.embedder.EclipseLogger - Copying 0 resource
2023-11-24 15:17:54,062 [Worker-28: Launching AspectJStyleTest] WARN  o.e.m.c.i.embedder.EclipseLogger - Using platform encoding (UTF-8 actually) to copy filtered resources, i.e. build is platform dependent!
2023-11-24 15:17:54,070 [Worker-28: Launching AspectJStyleTest] INFO  o.e.m.c.i.embedder.EclipseLogger - Copying 0 resource
2023-11-24 15:18:17,202 [Worker-11: Launching AspectJStyleTest] WARN  o.e.m.c.i.embedder.EclipseLogger - Using platform encoding (UTF-8 actually) to copy filtered resources, i.e. build is platform dependent!
2023-11-24 15:18:17,204 [Worker-11: Launching AspectJStyleTest] INFO  o.e.m.c.i.embedder.EclipseLogger - Copying 0 resource
2023-11-24 15:18:17,209 [Worker-11: Launching AspectJStyleTest] WARN  o.e.m.c.i.embedder.EclipseLogger - Using platform encoding (UTF-8 actually) to copy filtered resources, i.e. build is platform dependent!
2023-11-24 15:18:17,212 [Worker-11: Launching AspectJStyleTest] INFO  o.e.m.c.i.embedder.EclipseLogger - Copying 0 resource
2023-11-24 15:21:44,844 [Worker-30: Launching AspectJStyleTest] WARN  o.e.m.c.i.embedder.EclipseLogger - Using platform encoding (UTF-8 actually) to copy filtered resources, i.e. build is platform dependent!
2023-11-24 15:21:44,846 [Worker-30: Launching AspectJStyleTest] INFO  o.e.m.c.i.embedder.EclipseLogger - Copying 0 resource
2023-11-24 15:21:44,853 [Worker-30: Launching AspectJStyleTest] WARN  o.e.m.c.i.embedder.EclipseLogger - Using platform encoding (UTF-8 actually) to copy filtered resources, i.e. build is platform dependent!
2023-11-24 15:21:44,855 [Worker-30: Launching AspectJStyleTest] INFO  o.e.m.c.i.embedder.EclipseLogger - Copying 0 resource
2023-11-24 15:37:01,575 [Worker-29: Building] WARN  o.e.m.c.i.embedder.EclipseLogger - Using platform encoding (UTF-8 actually) to copy filtered resources, i.e. build is platform dependent!
2023-11-24 15:37:01,577 [Worker-29: Building] INFO  o.e.m.c.i.embedder.EclipseLogger - Copying 0 resource
2023-11-24 15:37:01,579 [Worker-29: Building] WARN  o.e.m.c.i.embedder.EclipseLogger - Using platform encoding (UTF-8 actually) to copy filtered resources, i.e. build is platform dependent!
2023-11-24 15:37:01,581 [Worker-29: Building] INFO  o.e.m.c.i.embedder.EclipseLogger - Copying 0 resource
2023-11-24 21:13:19,690 [Worker-3: Loading available Gradle versions] INFO  o.e.b.c.i.u.g.PublishedGradleVersions - Gradle version information cache is out-of-date. Trying to update.
2023-11-24 21:21:54,821 [Worker-21: Launching AspectJStyleTest] WARN  o.e.m.c.i.embedder.EclipseLogger - Using platform encoding (UTF-8 actually) to copy filtered resources, i.e. build is platform dependent!
2023-11-24 21:21:54,842 [Worker-21: Launching AspectJStyleTest] INFO  o.e.m.c.i.embedder.EclipseLogger - Copying 0 resource
2023-11-24 21:21:54,855 [Worker-21: Launching AspectJStyleTest] WARN  o.e.m.c.i.embedder.EclipseLogger - Using platform encoding (UTF-8 actually) to copy filtered resources, i.e. build is platform dependent!
2023-11-24 21:21:54,858 [Worker-21: Launching AspectJStyleTest] INFO  o.e.m.c.i.embedder.EclipseLogger - Copying 0 resource
2023-11-24 21:22:18,773 [Worker-24: Launching AspectJStyleTest] WARN  o.e.m.c.i.embedder.EclipseLogger - Using platform encoding (UTF-8 actually) to copy filtered resources, i.e. build is platform dependent!
2023-11-24 21:22:18,780 [Worker-24: Launching AspectJStyleTest] INFO  o.e.m.c.i.embedder.EclipseLogger - Copying 0 resource
2023-11-24 21:22:18,787 [Worker-24: Launching AspectJStyleTest] WARN  o.e.m.c.i.embedder.EclipseLogger - Using platform encoding (UTF-8 actually) to copy filtered resources, i.e. build is platform dependent!
2023-11-24 21:22:18,789 [Worker-24: Launching AspectJStyleTest] INFO  o.e.m.c.i.embedder.EclipseLogger - Copying 0 resource
2023-11-24 21:22:41,139 [Worker-26: Launching AspectJStyleTest] WARN  o.e.m.c.i.embedder.EclipseLogger - Using platform encoding (UTF-8 actually) to copy filtered resources, i.e. build is platform dependent!
2023-11-24 21:22:41,141 [Worker-26: Launching AspectJStyleTest] INFO  o.e.m.c.i.embedder.EclipseLogger - Copying 0 resource
2023-11-24 21:22:41,147 [Worker-26: Launching AspectJStyleTest] WARN  o.e.m.c.i.embedder.EclipseLogger - Using platform encoding (UTF-8 actually) to copy filtered resources, i.e. build is platform dependent!
2023-11-24 21:22:41,152 [Worker-26: Launching AspectJStyleTest] INFO  o.e.m.c.i.embedder.EclipseLogger - Copying 0 resource
2023-11-24 21:45:11,992 [Worker-29: Launching AspectJStyleTest] WARN  o.e.m.c.i.embedder.EclipseLogger - Using platform encoding (UTF-8 actually) to copy filtered resources, i.e. build is platform dependent!
2023-11-24 21:45:11,997 [Worker-29: Launching AspectJStyleTest] INFO  o.e.m.c.i.embedder.EclipseLogger - Copying 0 resource
2023-11-24 21:45:12,003 [Worker-29: Launching AspectJStyleTest] WARN  o.e.m.c.i.embedder.EclipseLogger - Using platform encoding (UTF-8 actually) to copy filtered resources, i.e. build is platform dependent!
2023-11-24 21:45:12,005 [Worker-29: Launching AspectJStyleTest] INFO  o.e.m.c.i.embedder.EclipseLogger - Copying 0 resource
2023-11-24 21:45:48,653 [Worker-30: Launching AspectJStyleTest] WARN  o.e.m.c.i.embedder.EclipseLogger - Using platform encoding (UTF-8 actually) to copy filtered resources, i.e. build is platform dependent!
2023-11-24 21:45:48,655 [Worker-30: Launching AspectJStyleTest] INFO  o.e.m.c.i.embedder.EclipseLogger - Copying 0 resource
2023-11-24 21:45:48,658 [Worker-30: Launching AspectJStyleTest] WARN  o.e.m.c.i.embedder.EclipseLogger - Using platform encoding (UTF-8 actually) to copy filtered resources, i.e. build is platform dependent!
2023-11-24 21:45:48,660 [Worker-30: Launching AspectJStyleTest] INFO  o.e.m.c.i.embedder.EclipseLogger - Copying 0 resource
2023-11-24 21:48:07,671 [Worker-28: Launching AspectJStyleTest] WARN  o.e.m.c.i.embedder.EclipseLogger - Using platform encoding (UTF-8 actually) to copy filtered resources, i.e. build is platform dependent!
2023-11-24 21:48:07,674 [Worker-28: Launching AspectJStyleTest] INFO  o.e.m.c.i.embedder.EclipseLogger - Copying 0 resource
2023-11-24 21:48:07,683 [Worker-28: Launching AspectJStyleTest] WARN  o.e.m.c.i.embedder.EclipseLogger - Using platform encoding (UTF-8 actually) to copy filtered resources, i.e. build is platform dependent!
2023-11-24 21:48:07,685 [Worker-28: Launching AspectJStyleTest] INFO  o.e.m.c.i.embedder.EclipseLogger - Copying 0 resource
2023-11-24 21:53:44,776 [Worker-36: Creating project "spring-aop-point-cut-aspects"] INFO  o.e.m.c.i.l.LifecycleMappingFactory - Using org.eclipse.m2e.jdt.JarLifecycleMapping lifecycle mapping for MavenProject: com.jdc.demo.pointcut:spring-aop-point-cut-aspects:1.0 @ D:\Spring(JDC)\spring-aop-point-cut-aspects\pom.xml.
2023-11-24 21:53:45,049 [Worker-36: Creating project "spring-aop-point-cut-aspects"] INFO  o.e.m.j.i.AbstractJavaProjectConfigurator - Adding source folder /spring-aop-point-cut-aspects/src/main/java
2023-11-24 21:53:45,050 [Worker-36: Creating project "spring-aop-point-cut-aspects"] INFO  o.e.m.j.i.AbstractJavaProjectConfigurator - Adding resource folder /spring-aop-point-cut-aspects/src/main/resources
2023-11-24 21:53:45,050 [Worker-36: Creating project "spring-aop-point-cut-aspects"] INFO  o.e.m.j.i.AbstractJavaProjectConfigurator - Adding source folder /spring-aop-point-cut-aspects/src/test/java
2023-11-24 21:53:45,050 [Worker-36: Creating project "spring-aop-point-cut-aspects"] INFO  o.e.m.j.i.AbstractJavaProjectConfigurator - Adding resource folder /spring-aop-point-cut-aspects/src/test/resources
2023-11-24 21:53:45,321 [Worker-28: Building] WARN  o.e.m.c.i.embedder.EclipseLogger - Using platform encoding (UTF-8 actually) to copy filtered resources, i.e. build is platform dependent!
2023-11-24 21:53:45,322 [Worker-28: Building] INFO  o.e.m.c.i.embedder.EclipseLogger - Copying 0 resource
2023-11-24 21:53:45,324 [Worker-28: Building] WARN  o.e.m.c.i.embedder.EclipseLogger - Using platform encoding (UTF-8 actually) to copy filtered resources, i.e. build is platform dependent!
2023-11-24 21:53:45,325 [Worker-28: Building] INFO  o.e.m.c.i.embedder.EclipseLogger - Copying 0 resource
2023-11-24 21:54:13,862 [Worker-28: Updating Maven Project] INFO  o.e.m.c.i.p.ProjectConfigurationManager - Update started
2023-11-24 21:54:14,065 [Worker-28: Updating Maven Project] INFO  o.e.m.c.i.l.LifecycleMappingFactory - Using org.eclipse.m2e.jdt.JarLifecycleMapping lifecycle mapping for MavenProject: com.jdc.demo.pointcut:spring-aop-point-cut-aspects:1.0 @ D:\Spring(JDC)\spring-aop-point-cut-aspects\pom.xml.
2023-11-24 21:54:14,092 [Worker-28: Updating Maven Project] INFO  o.e.m.j.i.AbstractJavaProjectConfigurator - Adding source folder /spring-aop-point-cut-aspects/src/main/java
2023-11-24 21:54:14,092 [Worker-28: Updating Maven Project] INFO  o.e.m.j.i.AbstractJavaProjectConfigurator - Adding resource folder /spring-aop-point-cut-aspects/src/main/resources
2023-11-24 21:54:14,093 [Worker-28: Updating Maven Project] INFO  o.e.m.j.i.AbstractJavaProjectConfigurator - Adding source folder /spring-aop-point-cut-aspects/src/test/java
2023-11-24 21:54:14,093 [Worker-28: Updating Maven Project] INFO  o.e.m.j.i.AbstractJavaProjectConfigurator - Adding resource folder /spring-aop-point-cut-aspects/src/test/resources
2023-11-24 21:54:14,145 [Worker-28: Updating Maven Project] INFO  o.e.m.c.i.p.ProjectConfigurationManager - Update completed for 1 poms: local refresh takes 0.00 sec, refresh facades takes 0.00 sec, update config takes 0.00 sec 
2023-11-24 21:54:14,258 [Worker-39: Building] WARN  o.e.m.c.i.embedder.EclipseLogger - Using platform encoding (UTF-8 actually) to copy filtered resources, i.e. build is platform dependent!
2023-11-24 21:54:14,259 [Worker-39: Building] INFO  o.e.m.c.i.embedder.EclipseLogger - Copying 0 resource
2023-11-24 21:54:14,261 [Worker-39: Building] WARN  o.e.m.c.i.embedder.EclipseLogger - Using platform encoding (UTF-8 actually) to copy filtered resources, i.e. build is platform dependent!
2023-11-24 21:54:14,262 [Worker-39: Building] INFO  o.e.m.c.i.embedder.EclipseLogger - Copying 0 resource
2023-11-24 21:54:53,141 [Worker-38: Updating Maven Project] INFO  o.e.m.c.i.p.ProjectConfigurationManager - Update started
2023-11-24 21:54:53,362 [Worker-38: Updating Maven Project] INFO  o.e.m.c.i.l.LifecycleMappingFactory - Using org.eclipse.m2e.jdt.JarLifecycleMapping lifecycle mapping for MavenProject: com.jdc.demo.pointcut:spring-aop-point-cut-aspects:1.0 @ D:\Spring(JDC)\spring-aop-point-cut-aspects\pom.xml.
2023-11-24 21:54:53,388 [Worker-38: Updating Maven Project] INFO  o.e.m.j.i.AbstractJavaProjectConfigurator - Adding source folder /spring-aop-point-cut-aspects/src/main/java
2023-11-24 21:54:53,388 [Worker-38: Updating Maven Project] INFO  o.e.m.j.i.AbstractJavaProjectConfigurator - Adding resource folder /spring-aop-point-cut-aspects/src/main/resources
2023-11-24 21:54:53,388 [Worker-38: Updating Maven Project] INFO  o.e.m.j.i.AbstractJavaProjectConfigurator - Adding source folder /spring-aop-point-cut-aspects/src/test/java
2023-11-24 21:54:53,389 [Worker-38: Updating Maven Project] INFO  o.e.m.j.i.AbstractJavaProjectConfigurator - Adding resource folder /spring-aop-point-cut-aspects/src/test/resources
2023-11-24 21:54:53,439 [Worker-38: Updating Maven Project] INFO  o.e.m.c.i.p.ProjectConfigurationManager - Update completed for 1 poms: local refresh takes 0.00 sec, refresh facades takes 0.00 sec, update config takes 0.00 sec 
2023-11-24 21:54:53,598 [Worker-28: Building] WARN  o.e.m.c.i.embedder.EclipseLogger - Using platform encoding (UTF-8 actually) to copy filtered resources, i.e. build is platform dependent!
2023-11-24 21:54:53,598 [Worker-28: Building] INFO  o.e.m.c.i.embedder.EclipseLogger - Copying 0 resource
2023-11-24 21:54:53,600 [Worker-28: Building] WARN  o.e.m.c.i.embedder.EclipseLogger - Using platform encoding (UTF-8 actually) to copy filtered resources, i.e. build is platform dependent!
2023-11-24 21:54:53,600 [Worker-28: Building] INFO  o.e.m.c.i.embedder.EclipseLogger - Copying 0 resource
2023-11-24 21:55:22,151 [Worker-36: Updating Maven Project] INFO  o.e.m.c.i.p.ProjectConfigurationManager - Update started
2023-11-24 21:55:22,370 [Worker-36: Updating Maven Project] INFO  o.e.m.c.i.l.LifecycleMappingFactory - Using org.eclipse.m2e.jdt.JarLifecycleMapping lifecycle mapping for MavenProject: com.jdc.demo.pointcut:spring-aop-point-cut-aspects:1.0 @ D:\Spring(JDC)\spring-aop-point-cut-aspects\pom.xml.
2023-11-24 21:55:22,391 [Worker-36: Updating Maven Project] INFO  o.e.m.j.i.AbstractJavaProjectConfigurator - Adding source folder /spring-aop-point-cut-aspects/src/main/java
2023-11-24 21:55:22,391 [Worker-36: Updating Maven Project] INFO  o.e.m.j.i.AbstractJavaProjectConfigurator - Adding resource folder /spring-aop-point-cut-aspects/src/main/resources
2023-11-24 21:55:22,391 [Worker-36: Updating Maven Project] INFO  o.e.m.j.i.AbstractJavaProjectConfigurator - Adding source folder /spring-aop-point-cut-aspects/src/test/java
2023-11-24 21:55:22,392 [Worker-36: Updating Maven Project] INFO  o.e.m.j.i.AbstractJavaProjectConfigurator - Adding resource folder /spring-aop-point-cut-aspects/src/test/resources
2023-11-24 21:55:22,423 [Worker-36: Updating Maven Project] INFO  o.e.m.c.i.p.ProjectConfigurationManager - Update completed for 1 poms: local refresh takes 0.00 sec, refresh facades takes 0.00 sec, update config takes 0.00 sec 
2023-11-24 21:55:22,536 [Worker-38: Building] WARN  o.e.m.c.i.embedder.EclipseLogger - Using platform encoding (UTF-8 actually) to copy filtered resources, i.e. build is platform dependent!
2023-11-24 21:55:22,537 [Worker-38: Building] INFO  o.e.m.c.i.embedder.EclipseLogger - Copying 0 resource
2023-11-24 21:55:22,538 [Worker-38: Building] WARN  o.e.m.c.i.embedder.EclipseLogger - Using platform encoding (UTF-8 actually) to copy filtered resources, i.e. build is platform dependent!
2023-11-24 21:55:22,540 [Worker-38: Building] INFO  o.e.m.c.i.embedder.EclipseLogger - Copying 0 resource
2023-11-24 21:55:42,218 [Worker-36: Updating Maven Project] INFO  o.e.m.c.i.p.ProjectConfigurationManager - Update started
2023-11-24 21:55:42,392 [Worker-36: Updating Maven Project] INFO  o.e.m.c.i.l.LifecycleMappingFactory - Using org.eclipse.m2e.jdt.JarLifecycleMapping lifecycle mapping for MavenProject: com.jdc.demo.pointcut:spring-aop-point-cut-aspects:1.0 @ D:\Spring(JDC)\spring-aop-point-cut-aspects\pom.xml.
2023-11-24 21:55:42,417 [Worker-36: Updating Maven Project] INFO  o.e.m.j.i.AbstractJavaProjectConfigurator - Adding source folder /spring-aop-point-cut-aspects/src/main/java
2023-11-24 21:55:42,418 [Worker-36: Updating Maven Project] INFO  o.e.m.j.i.AbstractJavaProjectConfigurator - Adding resource folder /spring-aop-point-cut-aspects/src/main/resources
2023-11-24 21:55:42,418 [Worker-36: Updating Maven Project] INFO  o.e.m.j.i.AbstractJavaProjectConfigurator - Adding source folder /spring-aop-point-cut-aspects/src/test/java
2023-11-24 21:55:42,418 [Worker-36: Updating Maven Project] INFO  o.e.m.j.i.AbstractJavaProjectConfigurator - Adding resource folder /spring-aop-point-cut-aspects/src/test/resources
2023-11-24 21:55:42,461 [Worker-36: Updating Maven Project] INFO  o.e.m.c.i.p.ProjectConfigurationManager - Update completed for 1 poms: local refresh takes 0.00 sec, refresh facades takes 0.00 sec, update config takes 0.00 sec 
2023-11-24 21:55:42,577 [Worker-38: Building] WARN  o.e.m.c.i.embedder.EclipseLogger - Using platform encoding (UTF-8 actually) to copy filtered resources, i.e. build is platform dependent!
2023-11-24 21:55:42,578 [Worker-38: Building] INFO  o.e.m.c.i.embedder.EclipseLogger - Copying 0 resource
2023-11-24 21:55:42,581 [Worker-38: Building] WARN  o.e.m.c.i.embedder.EclipseLogger - Using platform encoding (UTF-8 actually) to copy filtered resources, i.e. build is platform dependent!
2023-11-24 21:55:42,582 [Worker-38: Building] INFO  o.e.m.c.i.embedder.EclipseLogger - Copying 0 resource
2023-11-24 21:55:55,835 [Worker-37: Building] INFO  o.e.m.c.i.l.LifecycleMappingFactory - Using org.eclipse.m2e.jdt.JarLifecycleMapping lifecycle mapping for MavenProject: com.jdc.demo.pointcut:spring-aop-point-cut-aspects:1.0 @ D:\Spring(JDC)\spring-aop-point-cut-aspects\pom.xml.
2023-11-24 21:55:55,881 [Worker-37: Building] WARN  o.e.m.c.i.embedder.EclipseLogger - Using platform encoding (UTF-8 actually) to copy filtered resources, i.e. build is platform dependent!
2023-11-24 21:55:55,882 [Worker-37: Building] INFO  o.e.m.c.i.embedder.EclipseLogger - Copying 0 resource
2023-11-24 21:55:55,885 [Worker-37: Building] WARN  o.e.m.c.i.embedder.EclipseLogger - Using platform encoding (UTF-8 actually) to copy filtered resources, i.e. build is platform dependent!
2023-11-24 21:55:55,886 [Worker-37: Building] INFO  o.e.m.c.i.embedder.EclipseLogger - Copying 0 resource
2023-11-24 21:55:55,918 [Worker-39: Updating Maven Project] INFO  o.e.m.c.i.p.ProjectConfigurationManager - Update started
2023-11-24 21:55:56,057 [Worker-39: Updating Maven Project] INFO  o.e.m.c.i.l.LifecycleMappingFactory - Using org.eclipse.m2e.jdt.JarLifecycleMapping lifecycle mapping for MavenProject: com.jdc.demo.pointcut:spring-aop-point-cut-aspects:1.0 @ D:\Spring(JDC)\spring-aop-point-cut-aspects\pom.xml.
2023-11-24 21:55:56,110 [Worker-39: Updating Maven Project] INFO  o.e.m.j.i.AbstractJavaProjectConfigurator - Adding source folder /spring-aop-point-cut-aspects/src/main/java
2023-11-24 21:55:56,111 [Worker-39: Updating Maven Project] INFO  o.e.m.j.i.AbstractJavaProjectConfigurator - Adding resource folder /spring-aop-point-cut-aspects/src/main/resources
2023-11-24 21:55:56,111 [Worker-39: Updating Maven Project] INFO  o.e.m.j.i.AbstractJavaProjectConfigurator - Adding source folder /spring-aop-point-cut-aspects/src/test/java
2023-11-24 21:55:56,111 [Worker-39: Updating Maven Project] INFO  o.e.m.j.i.AbstractJavaProjectConfigurator - Adding resource folder /spring-aop-point-cut-aspects/src/test/resources
2023-11-24 21:55:56,409 [Worker-39: Updating Maven Project] INFO  o.e.m.c.i.p.ProjectConfigurationManager - Update completed for 1 poms: local refresh takes 0.00 sec, refresh facades takes 0.00 sec, update config takes 0.00 sec 
2023-11-24 21:55:57,091 [Worker-38: Building] WARN  o.e.m.c.i.embedder.EclipseLogger - Using platform encoding (UTF-8 actually) to copy filtered resources, i.e. build is platform dependent!
2023-11-24 21:55:57,092 [Worker-38: Building] INFO  o.e.m.c.i.embedder.EclipseLogger - Copying 0 resource
2023-11-24 21:55:57,094 [Worker-38: Building] WARN  o.e.m.c.i.embedder.EclipseLogger - Using platform encoding (UTF-8 actually) to copy filtered resources, i.e. build is platform dependent!
2023-11-24 21:55:57,095 [Worker-38: Building] INFO  o.e.m.c.i.embedder.EclipseLogger - Copying 0 resource
2023-11-24 21:56:41,815 [Worker-37: Building] WARN  o.e.m.c.i.embedder.EclipseLogger - Using platform encoding (UTF-8 actually) to copy filtered resources, i.e. build is platform dependent!
2023-11-24 21:56:41,817 [Worker-37: Building] INFO  o.e.m.c.i.embedder.EclipseLogger - Copying 0 resource
2023-11-24 21:56:41,819 [Worker-37: Building] WARN  o.e.m.c.i.embedder.EclipseLogger - Using platform encoding (UTF-8 actually) to copy filtered resources, i.e. build is platform dependent!
2023-11-24 21:56:41,821 [Worker-37: Building] INFO  o.e.m.c.i.embedder.EclipseLogger - Copying 0 resource
2023-11-24 22:04:43,113 [Worker-41: Building] WARN  o.e.m.c.i.embedder.EclipseLogger - Using platform encoding (UTF-8 actually) to copy filtered resources, i.e. build is platform dependent!
2023-11-24 22:04:43,114 [Worker-41: Building] INFO  o.e.m.c.i.embedder.EclipseLogger - Copying 0 resource
2023-11-24 22:04:43,115 [Worker-41: Building] WARN  o.e.m.c.i.embedder.EclipseLogger - Using platform encoding (UTF-8 actually) to copy filtered resources, i.e. build is platform dependent!
2023-11-24 22:04:43,116 [Worker-41: Building] INFO  o.e.m.c.i.embedder.EclipseLogger - Copying 0 resource
